{
  "stats": {
    "suites": 12,
    "tests": 41,
    "passes": 24,
    "pending": 0,
    "failures": 17,
    "start": "2022-01-05T04:52:49.330Z",
    "end": "2022-01-05T04:54:15.940Z",
    "duration": 86610,
    "testsRegistered": 41,
    "passPercent": 58.536585365853654,
    "pendingPercent": 0,
    "other": 0,
    "hasOther": false,
    "skipped": 0,
    "hasSkipped": false
  },
  "results": [
    {
      "uuid": "8b604382-e450-4463-90ee-778c2e112974",
      "title": "",
      "fullFile": "cypress/integration/project.spec.js",
      "file": "cypress/integration/project.spec.js",
      "beforeHooks": [],
      "afterHooks": [],
      "tests": [],
      "suites": [
        {
          "uuid": "2d5aee2d-bc81-4cfd-8e49-110827631f52",
          "title": "1 - Adicione à página o título \"Paleta de Cores\".",
          "fullFile": "",
          "file": "",
          "beforeHooks": [],
          "afterHooks": [],
          "tests": [
            {
              "title": "Verifica se contém um elemento `h1` com o id `title` com o título correto",
              "fullTitle": "1 - Adicione à página o título \"Paleta de Cores\". Verifica se contém um elemento `h1` com o id `title` com o título correto",
              "timedOut": null,
              "duration": 374,
              "state": "passed",
              "speed": "slow",
              "pass": true,
              "fail": false,
              "pending": false,
              "context": null,
              "code": "cy.get('h1#title').should('contain.text', 'Paleta de Cores');",
              "err": {},
              "uuid": "33c82a28-6481-458b-893c-ece20bb51870",
              "parentUUID": "2d5aee2d-bc81-4cfd-8e49-110827631f52",
              "isHook": false,
              "skipped": false
            }
          ],
          "suites": [],
          "passes": [
            "33c82a28-6481-458b-893c-ece20bb51870"
          ],
          "failures": [],
          "pending": [],
          "skipped": [],
          "duration": 374,
          "root": false,
          "rootEmpty": false,
          "_timeout": 2000
        },
        {
          "uuid": "b0669dc2-5ec1-47fc-b295-ef3c05ae7a37",
          "title": "2 - Adicione à página uma paleta de quatro cores distintas.",
          "fullFile": "",
          "file": "",
          "beforeHooks": [],
          "afterHooks": [],
          "tests": [
            {
              "title": "A paleta de cores deve ser um elemento com `id` denominado `color-palette`",
              "fullTitle": "2 - Adicione à página uma paleta de quatro cores distintas. A paleta de cores deve ser um elemento com `id` denominado `color-palette`",
              "timedOut": null,
              "duration": 111,
              "state": "passed",
              "speed": "slow",
              "pass": true,
              "fail": false,
              "pending": false,
              "context": null,
              "code": "cy.get('#color-palette').should('be.visible');\ncy.get('#color-palette').children('.color');",
              "err": {},
              "uuid": "bed5be88-f1ee-4019-99da-850708a6de66",
              "parentUUID": "b0669dc2-5ec1-47fc-b295-ef3c05ae7a37",
              "isHook": false,
              "skipped": false
            },
            {
              "title": "Verifica se cada cor individual da paleta de cores possui a `classe` chamada `color`.",
              "fullTitle": "2 - Adicione à página uma paleta de quatro cores distintas. Verifica se cada cor individual da paleta de cores possui a `classe` chamada `color`.",
              "timedOut": null,
              "duration": 132,
              "state": "passed",
              "speed": "slow",
              "pass": true,
              "fail": false,
              "pending": false,
              "context": null,
              "code": "cy.get('.color').should('have.length', 4).then(function (colors) {\n  for (var i = 0; i < colors.length; i++) {\n    cy.wrap(colors[i]).should('be.visible');\n  }\n});",
              "err": {},
              "uuid": "f4c3385a-811d-41ba-8d14-415fda11d019",
              "parentUUID": "b0669dc2-5ec1-47fc-b295-ef3c05ae7a37",
              "isHook": false,
              "skipped": false
            },
            {
              "title": "Verifica se a cor de fundo de cada elemento da paleta é a cor que o elemento representa. **A única cor não permitida na paleta é a cor branca.**",
              "fullTitle": "2 - Adicione à página uma paleta de quatro cores distintas. Verifica se a cor de fundo de cada elemento da paleta é a cor que o elemento representa. **A única cor não permitida na paleta é a cor branca.**",
              "timedOut": null,
              "duration": 129,
              "state": "passed",
              "speed": "slow",
              "pass": true,
              "fail": false,
              "pending": false,
              "context": null,
              "code": "cy.get('.color').each(function (color) {\n  cy.wrap(color).should('have.class', 'color').and('not.have.css', 'background-color', WHITE);\n  cy.wrap(color).should('have.css', 'background-color');\n});",
              "err": {},
              "uuid": "fb54b9ce-d849-46ca-b1e1-b6e1b7994d47",
              "parentUUID": "b0669dc2-5ec1-47fc-b295-ef3c05ae7a37",
              "isHook": false,
              "skipped": false
            },
            {
              "title": "Verifica se cada elemento da paleta de cores tem uma borda preta, sólida e com 1 pixel de largura;",
              "fullTitle": "2 - Adicione à página uma paleta de quatro cores distintas. Verifica se cada elemento da paleta de cores tem uma borda preta, sólida e com 1 pixel de largura;",
              "timedOut": null,
              "duration": 150,
              "state": "passed",
              "speed": "slow",
              "pass": true,
              "fail": false,
              "pending": false,
              "context": null,
              "code": "cy.get('.color').each(function (color) {\n  cy.wrap(color).and('have.css', 'border', \"1px solid \".concat(BLACK)).and('have.class', 'color');\n});",
              "err": {},
              "uuid": "c69d8eee-9991-440e-b3ba-d25ec00eb6e5",
              "parentUUID": "b0669dc2-5ec1-47fc-b295-ef3c05ae7a37",
              "isHook": false,
              "skipped": false
            },
            {
              "title": "Verifica se a paleta lista todas as cores disponíveis para utilização, lado a lado.",
              "fullTitle": "2 - Adicione à página uma paleta de quatro cores distintas. Verifica se a paleta lista todas as cores disponíveis para utilização, lado a lado.",
              "timedOut": null,
              "duration": 139,
              "state": "passed",
              "speed": "slow",
              "pass": true,
              "fail": false,
              "pending": false,
              "context": null,
              "code": "cy.get('.color').then(function (colors) {\n  for (var index = 1; index < colors.length; index += 1) {\n    var currentColor = colors[index];\n    var previousColor = colors[index - 1];\n    cy.wrap(currentColor).should('be.onTheRightOf', previousColor).and('be.horizontallyAlignedWith', previousColor);\n  }\n});",
              "err": {},
              "uuid": "31156533-0ddc-47da-a923-d70dee5acd34",
              "parentUUID": "b0669dc2-5ec1-47fc-b295-ef3c05ae7a37",
              "isHook": false,
              "skipped": false
            },
            {
              "title": "Verifica se a paleta de cores está posicionada abaixo do título 'Paleta de Cores'",
              "fullTitle": "2 - Adicione à página uma paleta de quatro cores distintas. Verifica se a paleta de cores está posicionada abaixo do título 'Paleta de Cores'",
              "timedOut": null,
              "duration": 136,
              "state": "passed",
              "speed": "slow",
              "pass": true,
              "fail": false,
              "pending": false,
              "context": null,
              "code": "cy.get('h1#title').then(function (title) {\n  cy.get('#color-palette').should('be.belowOf', title);\n});",
              "err": {},
              "uuid": "b6c306c6-6034-4dda-b59a-09afaa082946",
              "parentUUID": "b0669dc2-5ec1-47fc-b295-ef3c05ae7a37",
              "isHook": false,
              "skipped": false
            },
            {
              "title": "Verifica se a paleta de cores não contém cores repetidas.",
              "fullTitle": "2 - Adicione à página uma paleta de quatro cores distintas. Verifica se a paleta de cores não contém cores repetidas.",
              "timedOut": null,
              "duration": 115,
              "state": "passed",
              "speed": "slow",
              "pass": true,
              "fail": false,
              "pending": false,
              "context": null,
              "code": "cy.get('.color').then(function (colors) {\n  var allColors = Array.from(colors).map(function (color) {\n    return Cypress.$(color).css('background-color');\n  });\n  cy.log(allColors);\n  var uniqColors = (0, _toConsumableArray2[\"default\"])(new Set(allColors));\n  cy.log(uniqColors);\n  expect(allColors.length).to.eq(uniqColors.length);\n});",
              "err": {},
              "uuid": "c8bd73de-f270-47e0-951f-e0c1583f2f8e",
              "parentUUID": "b0669dc2-5ec1-47fc-b295-ef3c05ae7a37",
              "isHook": false,
              "skipped": false
            }
          ],
          "suites": [],
          "passes": [
            "bed5be88-f1ee-4019-99da-850708a6de66",
            "f4c3385a-811d-41ba-8d14-415fda11d019",
            "fb54b9ce-d849-46ca-b1e1-b6e1b7994d47",
            "c69d8eee-9991-440e-b3ba-d25ec00eb6e5",
            "31156533-0ddc-47da-a923-d70dee5acd34",
            "b6c306c6-6034-4dda-b59a-09afaa082946",
            "c8bd73de-f270-47e0-951f-e0c1583f2f8e"
          ],
          "failures": [],
          "pending": [],
          "skipped": [],
          "duration": 912,
          "root": false,
          "rootEmpty": false,
          "_timeout": 2000
        },
        {
          "uuid": "344f1b79-f1a3-407a-a88a-8bb63551f80c",
          "title": "3 - Adicione a cor **preta** como a primeira cor da paleta de cores.",
          "fullFile": "",
          "file": "",
          "beforeHooks": [],
          "afterHooks": [],
          "tests": [
            {
              "title": "Verifica se a primeira cor da paleta é preta",
              "fullTitle": "3 - Adicione a cor **preta** como a primeira cor da paleta de cores. Verifica se a primeira cor da paleta é preta",
              "timedOut": null,
              "duration": 105,
              "state": "passed",
              "speed": "slow",
              "pass": true,
              "fail": false,
              "pending": false,
              "context": null,
              "code": "cy.get('.color').first().should('have.css', 'background-color', BLACK);",
              "err": {},
              "uuid": "3d63827d-60b2-4696-8468-b1566261d2a8",
              "parentUUID": "344f1b79-f1a3-407a-a88a-8bb63551f80c",
              "isHook": false,
              "skipped": false
            },
            {
              "title": "Verifica se as demais cores podem ser escolhidas livremente.",
              "fullTitle": "3 - Adicione a cor **preta** como a primeira cor da paleta de cores. Verifica se as demais cores podem ser escolhidas livremente.",
              "timedOut": null,
              "duration": 172,
              "state": "passed",
              "speed": "slow",
              "pass": true,
              "fail": false,
              "pending": false,
              "context": null,
              "code": "cy.get('.color').eq(1).should('not.have.css', 'background-color', BLACK);\ncy.get('.color').eq(1).should('not.have.css', 'background-color', WHITE);\ncy.get('.color').eq(1).should('not.have.css', 'background-color', 'rgba(0, 0, 0, 0)');\ncy.get('.color').eq(1).should('have.css', 'background-color');\ncy.get('.color').eq(2).should('not.have.css', 'background-color', BLACK);\ncy.get('.color').eq(2).should('not.have.css', 'background-color', WHITE);\ncy.get('.color').eq(2).should('not.have.css', 'background-color', 'rgba(0, 0, 0, 0)');\ncy.get('.color').eq(2).should('have.css', 'background-color');\ncy.get('.color').eq(3).should('not.have.css', 'background-color', BLACK);\ncy.get('.color').eq(3).should('not.have.css', 'background-color', WHITE);\ncy.get('.color').eq(3).should('not.have.css', 'background-color', 'rgba(0, 0, 0, 0)');\ncy.get('.color').eq(3).should('have.css', 'background-color');",
              "err": {},
              "uuid": "a9f2fc84-c434-4281-bd0a-c0c7b6644542",
              "parentUUID": "344f1b79-f1a3-407a-a88a-8bb63551f80c",
              "isHook": false,
              "skipped": false
            }
          ],
          "suites": [],
          "passes": [
            "3d63827d-60b2-4696-8468-b1566261d2a8",
            "a9f2fc84-c434-4281-bd0a-c0c7b6644542"
          ],
          "failures": [],
          "pending": [],
          "skipped": [],
          "duration": 277,
          "root": false,
          "rootEmpty": false,
          "_timeout": 2000
        },
        {
          "uuid": "6bde116e-8994-4eab-b8db-16228625c80d",
          "title": "4 - Adicione à página um quadro de pixels, com 25 pixels.",
          "fullFile": "",
          "file": "",
          "beforeHooks": [],
          "afterHooks": [],
          "tests": [
            {
              "title": "Verifica se o quadro de pixels possui o `id` denominado `pixel-board`",
              "fullTitle": "4 - Adicione à página um quadro de pixels, com 25 pixels. Verifica se o quadro de pixels possui o `id` denominado `pixel-board`",
              "timedOut": null,
              "duration": 75,
              "state": "passed",
              "speed": "medium",
              "pass": true,
              "fail": false,
              "pending": false,
              "context": null,
              "code": "cy.get('#pixel-board').should('be.visible');",
              "err": {},
              "uuid": "75d2f5cd-601f-45a5-8e14-8001dbbd3c6d",
              "parentUUID": "6bde116e-8994-4eab-b8db-16228625c80d",
              "isHook": false,
              "skipped": false
            },
            {
              "title": "Verifica se cada pixel individual dentro do quadro possui a `classe` denominada `pixel`.",
              "fullTitle": "4 - Adicione à página um quadro de pixels, com 25 pixels. Verifica se cada pixel individual dentro do quadro possui a `classe` denominada `pixel`.",
              "timedOut": null,
              "duration": 125,
              "state": "passed",
              "speed": "slow",
              "pass": true,
              "fail": false,
              "pending": false,
              "context": null,
              "code": "cy.get('.pixel').should('have.length', 25);",
              "err": {},
              "uuid": "e2700275-efae-420b-966e-43fc37264fac",
              "parentUUID": "6bde116e-8994-4eab-b8db-16228625c80d",
              "isHook": false,
              "skipped": false
            },
            {
              "title": "Verifica se a cor inicial dos pixels dentro do quadro, ao abrir a página, é branca.",
              "fullTitle": "4 - Adicione à página um quadro de pixels, com 25 pixels. Verifica se a cor inicial dos pixels dentro do quadro, ao abrir a página, é branca.",
              "timedOut": null,
              "duration": 183,
              "state": "passed",
              "speed": "slow",
              "pass": true,
              "fail": false,
              "pending": false,
              "context": null,
              "code": "cy.get('.pixel').should('have.length', 25).each(function (pixel) {\n  expect(pixel).to.have.css('background-color', WHITE);\n});",
              "err": {},
              "uuid": "58366d3c-df51-4aba-99a9-587f4faa827f",
              "parentUUID": "6bde116e-8994-4eab-b8db-16228625c80d",
              "isHook": false,
              "skipped": false
            },
            {
              "title": "Verifica se o quadro de pixels aparece abaixo da paleta de cores",
              "fullTitle": "4 - Adicione à página um quadro de pixels, com 25 pixels. Verifica se o quadro de pixels aparece abaixo da paleta de cores",
              "timedOut": null,
              "duration": 79,
              "state": "passed",
              "speed": "slow",
              "pass": true,
              "fail": false,
              "pending": false,
              "context": null,
              "code": "cy.get('#color-palette').then(function (palette) {\n  cy.get('#pixel-board').should('be.belowOf', palette);\n});",
              "err": {},
              "uuid": "31b81134-1306-4356-8a95-5f6f727b2cd3",
              "parentUUID": "6bde116e-8994-4eab-b8db-16228625c80d",
              "isHook": false,
              "skipped": false
            }
          ],
          "suites": [],
          "passes": [
            "75d2f5cd-601f-45a5-8e14-8001dbbd3c6d",
            "e2700275-efae-420b-966e-43fc37264fac",
            "58366d3c-df51-4aba-99a9-587f4faa827f",
            "31b81134-1306-4356-8a95-5f6f727b2cd3"
          ],
          "failures": [],
          "pending": [],
          "skipped": [],
          "duration": 462,
          "root": false,
          "rootEmpty": false,
          "_timeout": 2000
        },
        {
          "uuid": "6e8664dd-0987-48c9-8902-0523e607665b",
          "title": "5 - Faça com que cada elemento do quadro de pixels possua 40 pixels de largura, 40 pixels de altura e seja delimitado por uma borda preta de 1 pixel.",
          "fullFile": "",
          "file": "",
          "beforeHooks": [],
          "afterHooks": [],
          "tests": [
            {
              "title": "Verifica se o quadro de pixels tem altura e comprimento de 5 elementos",
              "fullTitle": "5 - Faça com que cada elemento do quadro de pixels possua 40 pixels de largura, 40 pixels de altura e seja delimitado por uma borda preta de 1 pixel. Verifica se o quadro de pixels tem altura e comprimento de 5 elementos",
              "timedOut": null,
              "duration": 293,
              "state": "passed",
              "speed": "slow",
              "pass": true,
              "fail": false,
              "pending": false,
              "context": null,
              "code": "cy.get('.pixel').should('have.length', 25).each(function (pixel) {\n  expect(pixel).to.have.css('background-color', WHITE);\n}).and(function (pixels) {\n  var rows = chunk(pixels, 5);\n  rows.forEach(function (row) {\n    for (var index = 1; index < row.length; index += 1) {\n      var current = pixels[index];\n      var previous = pixels[index - 1];\n      cy.wrap(current).should('be.onTheRightOf', previous).and('be.horizontallyAlignedWith', previous);\n    }\n  });\n  for (var index = 1; index < 5; index += 1) {\n    expect(pixels[index * 5]).to.be.belowOf(pixels[(index - 1) * 5]);\n  }\n});",
              "err": {},
              "uuid": "155458d9-6981-4df3-83a8-337047f0c5a7",
              "parentUUID": "6e8664dd-0987-48c9-8902-0523e607665b",
              "isHook": false,
              "skipped": false
            },
            {
              "title": "Verifica se 40 pixels é o tamanho total do elemento, incluindo seu conteúdo e excluindo a borda preta, que deve ser criada à parte.",
              "fullTitle": "5 - Faça com que cada elemento do quadro de pixels possua 40 pixels de largura, 40 pixels de altura e seja delimitado por uma borda preta de 1 pixel. Verifica se 40 pixels é o tamanho total do elemento, incluindo seu conteúdo e excluindo a borda preta, que deve ser criada à parte.",
              "timedOut": null,
              "duration": 275,
              "state": "passed",
              "speed": "slow",
              "pass": true,
              "fail": false,
              "pending": false,
              "context": null,
              "code": "cy.get('.pixel').each(function (pixel) {\n  cy.wrap(pixel).should('have.css', 'height', '40px').and('have.css', 'width', '40px').and('have.css', 'border', \"1px solid \".concat(BLACK));\n});",
              "err": {},
              "uuid": "5ae9bb42-ef45-4d63-b22a-00feb96eac36",
              "parentUUID": "6e8664dd-0987-48c9-8902-0523e607665b",
              "isHook": false,
              "skipped": false
            }
          ],
          "suites": [],
          "passes": [
            "155458d9-6981-4df3-83a8-337047f0c5a7",
            "5ae9bb42-ef45-4d63-b22a-00feb96eac36"
          ],
          "failures": [],
          "pending": [],
          "skipped": [],
          "duration": 568,
          "root": false,
          "rootEmpty": false,
          "_timeout": 2000
        },
        {
          "uuid": "2d52d2f5-6bae-4e0c-8c61-70c284dc6992",
          "title": "6 - Defina a cor preta como cor inicial. Ao carregar a página a cor preta já deve estar selecionada para pintar os pixels",
          "fullFile": "",
          "file": "",
          "beforeHooks": [],
          "afterHooks": [],
          "tests": [
            {
              "title": "Verifica se o elemento da cor preta possui, inicialmente, a `classe` `selected`",
              "fullTitle": "6 - Defina a cor preta como cor inicial. Ao carregar a página a cor preta já deve estar selecionada para pintar os pixels Verifica se o elemento da cor preta possui, inicialmente, a `classe` `selected`",
              "timedOut": null,
              "duration": 87,
              "state": "passed",
              "speed": "slow",
              "pass": true,
              "fail": false,
              "pending": false,
              "context": null,
              "code": "cy.get('.selected').first().should('have.css', 'background-color', BLACK);",
              "err": {},
              "uuid": "0110c200-6c1a-457b-a0e9-c6779ba793cb",
              "parentUUID": "2d52d2f5-6bae-4e0c-8c61-70c284dc6992",
              "isHook": false,
              "skipped": false
            },
            {
              "title": "Verifica se nenhuma outra cor da paleta tem a `classe` `selected`",
              "fullTitle": "6 - Defina a cor preta como cor inicial. Ao carregar a página a cor preta já deve estar selecionada para pintar os pixels Verifica se nenhuma outra cor da paleta tem a `classe` `selected`",
              "timedOut": null,
              "duration": 97,
              "state": "passed",
              "speed": "slow",
              "pass": true,
              "fail": false,
              "pending": false,
              "context": null,
              "code": "cy.get('.color:not(:first-child)').each(function (color) {\n  cy.wrap(color).should('not.have.class', 'selected');\n});",
              "err": {},
              "uuid": "6aafcd71-01f0-403d-ba97-0b49eb1e078c",
              "parentUUID": "2d52d2f5-6bae-4e0c-8c61-70c284dc6992",
              "isHook": false,
              "skipped": false
            }
          ],
          "suites": [],
          "passes": [
            "0110c200-6c1a-457b-a0e9-c6779ba793cb",
            "6aafcd71-01f0-403d-ba97-0b49eb1e078c"
          ],
          "failures": [],
          "pending": [],
          "skipped": [],
          "duration": 184,
          "root": false,
          "rootEmpty": false,
          "_timeout": 2000
        },
        {
          "uuid": "0fe1e502-1176-40da-80b3-bd0757903388",
          "title": "7 - Clicar em uma das cores da paleta, faz com que ela seja selecionada e utilizada para preencher os pixels no quadro.",
          "fullFile": "",
          "file": "",
          "beforeHooks": [],
          "afterHooks": [],
          "tests": [
            {
              "title": "Verifica se somente uma cor da paleta de cores tem a classe `selected` de cada vez",
              "fullTitle": "7 - Clicar em uma das cores da paleta, faz com que ela seja selecionada e utilizada para preencher os pixels no quadro. Verifica se somente uma cor da paleta de cores tem a classe `selected` de cada vez",
              "timedOut": null,
              "duration": 523,
              "state": "passed",
              "speed": "slow",
              "pass": true,
              "fail": false,
              "pending": false,
              "context": null,
              "code": "cy.get('.color').each(function (selectedColor, selectedColorIndex) {\n  cy.wrap(selectedColor).click();\n  cy.get('.color').each(function (color, colorIndex) {\n    if (colorIndex === selectedColorIndex) {\n      expect(color).to.have[\"class\"]('selected');\n    } else {\n      expect(color).not.to.have[\"class\"]('selected');\n    }\n  });\n});",
              "err": {},
              "uuid": "c9c56d1b-49c7-449d-b2f0-cc3efe6d889c",
              "parentUUID": "0fe1e502-1176-40da-80b3-bd0757903388",
              "isHook": false,
              "skipped": false
            },
            {
              "title": "Verifica se os pixels dentro do quadro não têm a classe `selected` quando são clicados",
              "fullTitle": "7 - Clicar em uma das cores da paleta, faz com que ela seja selecionada e utilizada para preencher os pixels no quadro. Verifica se os pixels dentro do quadro não têm a classe `selected` quando são clicados",
              "timedOut": null,
              "duration": 9179,
              "state": "passed",
              "speed": "slow",
              "pass": true,
              "fail": false,
              "pending": false,
              "context": null,
              "code": "cy.get('.color').each(function (color) {\n  var backgroundColor = color.css('background-color');\n  cy.wrap(color).click();\n  cy.get('.pixel').each(function (pixel) {\n    cy.wrap(pixel).click().should('not.have.class', 'selected');\n  });\n});",
              "err": {},
              "uuid": "9a6bfde4-23a4-4a80-833a-8770a612c91c",
              "parentUUID": "0fe1e502-1176-40da-80b3-bd0757903388",
              "isHook": false,
              "skipped": false
            }
          ],
          "suites": [],
          "passes": [
            "c9c56d1b-49c7-449d-b2f0-cc3efe6d889c",
            "9a6bfde4-23a4-4a80-833a-8770a612c91c"
          ],
          "failures": [],
          "pending": [],
          "skipped": [],
          "duration": 9702,
          "root": false,
          "rootEmpty": false,
          "_timeout": 2000
        },
        {
          "uuid": "10f36452-8be9-45ed-9d86-a1a3c30a58b3",
          "title": "8 - Clicar em um pixel dentro do quadro após selecionar uma cor na paleta, faz com que o pixel seja preenchido com a cor selecionada.",
          "fullFile": "",
          "file": "",
          "beforeHooks": [],
          "afterHooks": [],
          "tests": [
            {
              "title": "Verifica se ao carregar a página deve ser possível pintar os pixels de preto",
              "fullTitle": "8 - Clicar em um pixel dentro do quadro após selecionar uma cor na paleta, faz com que o pixel seja preenchido com a cor selecionada. Verifica se ao carregar a página deve ser possível pintar os pixels de preto",
              "timedOut": null,
              "duration": 2301,
              "state": "passed",
              "speed": "slow",
              "pass": true,
              "fail": false,
              "pending": false,
              "context": null,
              "code": "cy.get('.pixel').each(function (pixel) {\n  cy.wrap(pixel).click().should('have.css', 'background-color', BLACK);\n});",
              "err": {},
              "uuid": "47909263-a04e-435c-8802-38b475b72bb7",
              "parentUUID": "10f36452-8be9-45ed-9d86-a1a3c30a58b3",
              "isHook": false,
              "skipped": false
            },
            {
              "title": "Verifica se após selecionar uma outra cor na paleta, é possível pintar os pixels com essa cor",
              "fullTitle": "8 - Clicar em um pixel dentro do quadro após selecionar uma cor na paleta, faz com que o pixel seja preenchido com a cor selecionada. Verifica se após selecionar uma outra cor na paleta, é possível pintar os pixels com essa cor",
              "timedOut": null,
              "duration": 6719,
              "state": "failed",
              "speed": null,
              "pass": false,
              "fail": true,
              "pending": false,
              "context": null,
              "code": "cy.get('.color').each(function (color) {\n  var backgroundColor = color.css('background-color');\n  cy.wrap(color).click();\n  cy.get('.pixel').each(function (pixel) {\n    cy.wrap(pixel).click().should('have.css', 'background-color', backgroundColor);\n  });\n});",
              "err": {
                "message": "CypressError: Timed out retrying: expected '<div.pixel.back>' to have CSS property 'background-color' with the value 'rgb(138, 43, 226)', but the value was 'rgb(0, 0, 0)'",
                "estack": "CypressError: Timed out retrying: expected '<div.pixel.back>' to have CSS property 'background-color' with the value 'rgb(138, 43, 226)', but the value was 'rgb(0, 0, 0)'\n    at cypressErr (http://localhost:44257/__cypress/runner/cypress_runner.js:149934:9)\n    at throwErr (http://localhost:44257/__cypress/runner/cypress_runner.js:149867:11)\n    at Object.throwErrByPath (http://localhost:44257/__cypress/runner/cypress_runner.js:149915:3)\n    at retry (http://localhost:44257/__cypress/runner/cypress_runner.js:144197:19)\n    at onFailFn (http://localhost:44257/__cypress/runner/cypress_runner.js:132448:16)\n    at tryCatcher (http://localhost:44257/__cypress/runner/cypress_runner.js:167415:23)\n    at Promise._settlePromiseFromHandler (http://localhost:44257/__cypress/runner/cypress_runner.js:165351:31)\n    at Promise._settlePromise (http://localhost:44257/__cypress/runner/cypress_runner.js:165408:18)\n    at Promise._settlePromise0 (http://localhost:44257/__cypress/runner/cypress_runner.js:165453:10)\n    at Promise._settlePromises (http://localhost:44257/__cypress/runner/cypress_runner.js:165528:18)\n    at Async../node_modules/bluebird/js/release/async.js.Async._drainQueue (http://localhost:44257/__cypress/runner/cypress_runner.js:162140:16)\n    at Async../node_modules/bluebird/js/release/async.js.Async._drainQueues (http://localhost:44257/__cypress/runner/cypress_runner.js:162150:10)\n    at Async.drainQueues (http://localhost:44257/__cypress/runner/cypress_runner.js:162024:14)",
                "diff": null
              },
              "uuid": "5915b5a9-1fe2-4ae8-ab6c-3288341d40ea",
              "parentUUID": "10f36452-8be9-45ed-9d86-a1a3c30a58b3",
              "isHook": false,
              "skipped": false
            },
            {
              "title": "Verifica se somente o pixel que foi clicado foi preenchido com a cor selecionada, sem influenciar na cor dos demais pixels.",
              "fullTitle": "8 - Clicar em um pixel dentro do quadro após selecionar uma cor na paleta, faz com que o pixel seja preenchido com a cor selecionada. Verifica se somente o pixel que foi clicado foi preenchido com a cor selecionada, sem influenciar na cor dos demais pixels.",
              "timedOut": null,
              "duration": 1610,
              "state": "passed",
              "speed": "slow",
              "pass": true,
              "fail": false,
              "pending": false,
              "context": null,
              "code": "var colorToPixelIndexMap = {\n  0: 6,\n  1: 8,\n  2: 16,\n  3: 18\n};\ncy.get('.color').each(function (color, index) {\n  cy.wrap(color).click();\n  var backgroundColor = color.css('background-color');\n  var clickedPixelIndex = colorToPixelIndexMap[index];\n  cy.get('.pixel').eq(clickedPixelIndex).click();\n  cy.get('.pixel').eq(clickedPixelIndex - 1).should('not.have.css', 'background-color', backgroundColor);\n  cy.get('.pixel').eq(clickedPixelIndex + 1).should('not.have.css', 'background-color', backgroundColor);\n  cy.get('.pixel').eq(clickedPixelIndex - 5).should('not.have.css', 'background-color', backgroundColor);\n  cy.get('.pixel').eq(clickedPixelIndex + 5).should('not.have.css', 'background-color', backgroundColor);\n  cy.get('.pixel').eq(clickedPixelIndex - 6).should('not.have.css', 'background-color', backgroundColor);\n  cy.get('.pixel').eq(clickedPixelIndex - 4).should('not.have.css', 'background-color', backgroundColor);\n  cy.get('.pixel').eq(clickedPixelIndex + 4).should('not.have.css', 'background-color', backgroundColor);\n  cy.get('.pixel').eq(clickedPixelIndex + 6).should('not.have.css', 'background-color', backgroundColor);\n});",
              "err": {},
              "uuid": "aa6091f8-3da4-4077-9608-c8e806cf0360",
              "parentUUID": "10f36452-8be9-45ed-9d86-a1a3c30a58b3",
              "isHook": false,
              "skipped": false
            }
          ],
          "suites": [],
          "passes": [
            "47909263-a04e-435c-8802-38b475b72bb7",
            "aa6091f8-3da4-4077-9608-c8e806cf0360"
          ],
          "failures": [
            "5915b5a9-1fe2-4ae8-ab6c-3288341d40ea"
          ],
          "pending": [],
          "skipped": [],
          "duration": 10630,
          "root": false,
          "rootEmpty": false,
          "_timeout": 2000
        },
        {
          "uuid": "e6a3a053-70d5-49e4-a2b7-ae429aa8e29e",
          "title": "9 - Crie um botão que, ao ser clicado, limpa o quadro preenchendo a cor de todos seus pixels com branco.",
          "fullFile": "",
          "file": "",
          "beforeHooks": [],
          "afterHooks": [],
          "tests": [
            {
              "title": "Verifica se o botão tem o `id` denominado `clear-board`",
              "fullTitle": "9 - Crie um botão que, ao ser clicado, limpa o quadro preenchendo a cor de todos seus pixels com branco. Verifica se o botão tem o `id` denominado `clear-board`",
              "timedOut": null,
              "duration": 138,
              "state": "passed",
              "speed": "slow",
              "pass": true,
              "fail": false,
              "pending": false,
              "context": null,
              "code": "cy.get('#clear-board').should('be.visible');",
              "err": {},
              "uuid": "16b5327d-4584-4539-9c8b-552543604a8a",
              "parentUUID": "e6a3a053-70d5-49e4-a2b7-ae429aa8e29e",
              "isHook": false,
              "skipped": false
            },
            {
              "title": "Verifica se o botão está posicionado entre a paleta de cores e o quadro de pixels",
              "fullTitle": "9 - Crie um botão que, ao ser clicado, limpa o quadro preenchendo a cor de todos seus pixels com branco. Verifica se o botão está posicionado entre a paleta de cores e o quadro de pixels",
              "timedOut": null,
              "duration": 104,
              "state": "passed",
              "speed": "slow",
              "pass": true,
              "fail": false,
              "pending": false,
              "context": null,
              "code": "cy.get('#color-palette').then(function (palette) {\n  cy.get('#clear-board').should('be.belowOf', palette);\n});\ncy.get('#clear-board').then(function (clearBtn) {\n  cy.get('#pixel-board').should('be.belowOf', clearBtn);\n});",
              "err": {},
              "uuid": "3ed7a231-2e5b-4937-a4f5-afb250e23717",
              "parentUUID": "e6a3a053-70d5-49e4-a2b7-ae429aa8e29e",
              "isHook": false,
              "skipped": false
            },
            {
              "title": "Verifica se o texto do botão é 'Limpar'",
              "fullTitle": "9 - Crie um botão que, ao ser clicado, limpa o quadro preenchendo a cor de todos seus pixels com branco. Verifica se o texto do botão é 'Limpar'",
              "timedOut": null,
              "duration": 4244,
              "state": "failed",
              "speed": null,
              "pass": false,
              "fail": true,
              "pending": false,
              "context": null,
              "code": "cy.get('#clear-board').should('contain.text', 'Limpar');",
              "err": {
                "message": "CypressError: Timed out retrying: expected '<button#clear-board>' to contain text 'Limpar', but the text was ''",
                "estack": "CypressError: Timed out retrying: expected '<button#clear-board>' to contain text 'Limpar', but the text was ''\n    at cypressErr (http://localhost:44257/__cypress/runner/cypress_runner.js:149934:9)\n    at throwErr (http://localhost:44257/__cypress/runner/cypress_runner.js:149867:11)\n    at Object.throwErrByPath (http://localhost:44257/__cypress/runner/cypress_runner.js:149915:3)\n    at retry (http://localhost:44257/__cypress/runner/cypress_runner.js:144197:19)\n    at onFailFn (http://localhost:44257/__cypress/runner/cypress_runner.js:132448:16)\n    at tryCatcher (http://localhost:44257/__cypress/runner/cypress_runner.js:167415:23)\n    at Promise._settlePromiseFromHandler (http://localhost:44257/__cypress/runner/cypress_runner.js:165351:31)\n    at Promise._settlePromise (http://localhost:44257/__cypress/runner/cypress_runner.js:165408:18)\n    at Promise._settlePromise0 (http://localhost:44257/__cypress/runner/cypress_runner.js:165453:10)\n    at Promise._settlePromises (http://localhost:44257/__cypress/runner/cypress_runner.js:165528:18)\n    at Async../node_modules/bluebird/js/release/async.js.Async._drainQueue (http://localhost:44257/__cypress/runner/cypress_runner.js:162140:16)\n    at Async../node_modules/bluebird/js/release/async.js.Async._drainQueues (http://localhost:44257/__cypress/runner/cypress_runner.js:162150:10)\n    at Async.drainQueues (http://localhost:44257/__cypress/runner/cypress_runner.js:162024:14)",
                "diff": null
              },
              "uuid": "97c1dcc6-c34d-4ebf-bc4c-fe29548f3474",
              "parentUUID": "e6a3a053-70d5-49e4-a2b7-ae429aa8e29e",
              "isHook": false,
              "skipped": false
            },
            {
              "title": "Verifica se ao clicar no botão, o quadro de pixels é totalmente preenchido de branco",
              "fullTitle": "9 - Crie um botão que, ao ser clicado, limpa o quadro preenchendo a cor de todos seus pixels com branco. Verifica se ao clicar no botão, o quadro de pixels é totalmente preenchido de branco",
              "timedOut": null,
              "duration": 4516,
              "state": "failed",
              "speed": null,
              "pass": false,
              "fail": true,
              "pending": false,
              "context": null,
              "code": "cy.get('.color').eq(1).then(function (color) {\n  var backgroundColor = color.css('background-color');\n  cy.wrap(color).click();\n  cy.get('.pixel').each(function (pixel) {\n    cy.wrap(pixel).click().should('have.css', 'background-color', backgroundColor);\n  });\n});\ncy.get('#clear-board').click();\ncy.get('.pixel').each(function (pixel) {\n  cy.wrap(pixel).should('have.css', 'background-color', WHITE);\n});",
              "err": {
                "message": "CypressError: Timed out retrying: expected '<div.pixel>' to have CSS property 'background-color' with the value 'rgb(138, 43, 226)', but the value was 'rgb(255, 255, 255)'",
                "estack": "CypressError: Timed out retrying: expected '<div.pixel>' to have CSS property 'background-color' with the value 'rgb(138, 43, 226)', but the value was 'rgb(255, 255, 255)'\n    at cypressErr (http://localhost:44257/__cypress/runner/cypress_runner.js:149934:9)\n    at throwErr (http://localhost:44257/__cypress/runner/cypress_runner.js:149867:11)\n    at Object.throwErrByPath (http://localhost:44257/__cypress/runner/cypress_runner.js:149915:3)\n    at retry (http://localhost:44257/__cypress/runner/cypress_runner.js:144197:19)\n    at onFailFn (http://localhost:44257/__cypress/runner/cypress_runner.js:132448:16)\n    at tryCatcher (http://localhost:44257/__cypress/runner/cypress_runner.js:167415:23)\n    at Promise._settlePromiseFromHandler (http://localhost:44257/__cypress/runner/cypress_runner.js:165351:31)\n    at Promise._settlePromise (http://localhost:44257/__cypress/runner/cypress_runner.js:165408:18)\n    at Promise._settlePromise0 (http://localhost:44257/__cypress/runner/cypress_runner.js:165453:10)\n    at Promise._settlePromises (http://localhost:44257/__cypress/runner/cypress_runner.js:165528:18)\n    at Async../node_modules/bluebird/js/release/async.js.Async._drainQueue (http://localhost:44257/__cypress/runner/cypress_runner.js:162140:16)\n    at Async../node_modules/bluebird/js/release/async.js.Async._drainQueues (http://localhost:44257/__cypress/runner/cypress_runner.js:162150:10)\n    at Async.drainQueues (http://localhost:44257/__cypress/runner/cypress_runner.js:162024:14)",
                "diff": null
              },
              "uuid": "399229e9-39bf-41dc-9711-3f470d8e7fe9",
              "parentUUID": "e6a3a053-70d5-49e4-a2b7-ae429aa8e29e",
              "isHook": false,
              "skipped": false
            }
          ],
          "suites": [],
          "passes": [
            "16b5327d-4584-4539-9c8b-552543604a8a",
            "3ed7a231-2e5b-4937-a4f5-afb250e23717"
          ],
          "failures": [
            "97c1dcc6-c34d-4ebf-bc4c-fe29548f3474",
            "399229e9-39bf-41dc-9711-3f470d8e7fe9"
          ],
          "pending": [],
          "skipped": [],
          "duration": 9002,
          "root": false,
          "rootEmpty": false,
          "_timeout": 2000
        },
        {
          "uuid": "d856c689-9ee8-4ff3-ad1c-5800c07ded69",
          "title": "10 - Faça o quadro de pixels ter seu tamanho definido pelo usuário.",
          "fullFile": "",
          "file": "",
          "beforeHooks": [],
          "afterHooks": [],
          "tests": [
            {
              "title": "Verifica se existe um input com o id `board-size`",
              "fullTitle": "10 - Faça o quadro de pixels ter seu tamanho definido pelo usuário. Verifica se existe um input com o id `board-size`",
              "timedOut": null,
              "duration": 4404,
              "state": "failed",
              "speed": null,
              "pass": false,
              "fail": true,
              "pending": false,
              "context": null,
              "code": "cy.get('#board-size').should('be.visible');",
              "err": {
                "message": "CypressError: Timed out retrying: Expected to find element: '#board-size', but never found it.",
                "estack": "CypressError: Timed out retrying: Expected to find element: '#board-size', but never found it.\n    at cypressErr (http://localhost:44257/__cypress/runner/cypress_runner.js:149934:9)\n    at throwErr (http://localhost:44257/__cypress/runner/cypress_runner.js:149867:11)\n    at Object.throwErrByPath (http://localhost:44257/__cypress/runner/cypress_runner.js:149915:3)\n    at retry (http://localhost:44257/__cypress/runner/cypress_runner.js:144197:19)\n    at onFailFn (http://localhost:44257/__cypress/runner/cypress_runner.js:132448:16)\n    at tryCatcher (http://localhost:44257/__cypress/runner/cypress_runner.js:167415:23)\n    at Promise._settlePromiseFromHandler (http://localhost:44257/__cypress/runner/cypress_runner.js:165351:31)\n    at Promise._settlePromise (http://localhost:44257/__cypress/runner/cypress_runner.js:165408:18)\n    at Promise._settlePromise0 (http://localhost:44257/__cypress/runner/cypress_runner.js:165453:10)\n    at Promise._settlePromises (http://localhost:44257/__cypress/runner/cypress_runner.js:165528:18)\n    at Async../node_modules/bluebird/js/release/async.js.Async._drainQueue (http://localhost:44257/__cypress/runner/cypress_runner.js:162140:16)\n    at Async../node_modules/bluebird/js/release/async.js.Async._drainQueues (http://localhost:44257/__cypress/runner/cypress_runner.js:162150:10)\n    at Async.drainQueues (http://localhost:44257/__cypress/runner/cypress_runner.js:162024:14)",
                "diff": null
              },
              "uuid": "e389d13a-096e-48e8-89d7-66bb5a8ca2fa",
              "parentUUID": "d856c689-9ee8-4ff3-ad1c-5800c07ded69",
              "isHook": false,
              "skipped": false
            },
            {
              "title": "Verifica se existe um botão com o id `generate-board`",
              "fullTitle": "10 - Faça o quadro de pixels ter seu tamanho definido pelo usuário. Verifica se existe um botão com o id `generate-board`",
              "timedOut": null,
              "duration": 4338,
              "state": "failed",
              "speed": null,
              "pass": false,
              "fail": true,
              "pending": false,
              "context": null,
              "code": "cy.get('#generate-board').should('be.visible');",
              "err": {
                "message": "CypressError: Timed out retrying: Expected to find element: '#generate-board', but never found it.",
                "estack": "CypressError: Timed out retrying: Expected to find element: '#generate-board', but never found it.\n    at cypressErr (http://localhost:44257/__cypress/runner/cypress_runner.js:149934:9)\n    at throwErr (http://localhost:44257/__cypress/runner/cypress_runner.js:149867:11)\n    at Object.throwErrByPath (http://localhost:44257/__cypress/runner/cypress_runner.js:149915:3)\n    at retry (http://localhost:44257/__cypress/runner/cypress_runner.js:144197:19)\n    at onFailFn (http://localhost:44257/__cypress/runner/cypress_runner.js:132448:16)\n    at tryCatcher (http://localhost:44257/__cypress/runner/cypress_runner.js:167415:23)\n    at Promise._settlePromiseFromHandler (http://localhost:44257/__cypress/runner/cypress_runner.js:165351:31)\n    at Promise._settlePromise (http://localhost:44257/__cypress/runner/cypress_runner.js:165408:18)\n    at Promise._settlePromise0 (http://localhost:44257/__cypress/runner/cypress_runner.js:165453:10)\n    at Promise._settlePromises (http://localhost:44257/__cypress/runner/cypress_runner.js:165528:18)\n    at Async../node_modules/bluebird/js/release/async.js.Async._drainQueue (http://localhost:44257/__cypress/runner/cypress_runner.js:162140:16)\n    at Async../node_modules/bluebird/js/release/async.js.Async._drainQueues (http://localhost:44257/__cypress/runner/cypress_runner.js:162150:10)\n    at Async.drainQueues (http://localhost:44257/__cypress/runner/cypress_runner.js:162024:14)",
                "diff": null
              },
              "uuid": "5129f544-dca4-44e4-a965-45aa3a35053c",
              "parentUUID": "d856c689-9ee8-4ff3-ad1c-5800c07ded69",
              "isHook": false,
              "skipped": false
            },
            {
              "title": "Verifica se o input só aceita número maiores que zero. Essa restrição deve ser feita usando os atributos do elemento `input`",
              "fullTitle": "10 - Faça o quadro de pixels ter seu tamanho definido pelo usuário. Verifica se o input só aceita número maiores que zero. Essa restrição deve ser feita usando os atributos do elemento `input`",
              "timedOut": null,
              "duration": 4375,
              "state": "failed",
              "speed": null,
              "pass": false,
              "fail": true,
              "pending": false,
              "context": null,
              "code": "cy.get('#board-size[type=\\'number\\'][min=\\'1\\']');",
              "err": {
                "message": "CypressError: Timed out retrying: Expected to find element: '#board-size[type='number'][min='1']', but never found it.",
                "estack": "CypressError: Timed out retrying: Expected to find element: '#board-size[type='number'][min='1']', but never found it.\n    at cypressErr (http://localhost:44257/__cypress/runner/cypress_runner.js:149934:9)\n    at throwErr (http://localhost:44257/__cypress/runner/cypress_runner.js:149867:11)\n    at Object.throwErrByPath (http://localhost:44257/__cypress/runner/cypress_runner.js:149915:3)\n    at retry (http://localhost:44257/__cypress/runner/cypress_runner.js:144197:19)\n    at onFailFn (http://localhost:44257/__cypress/runner/cypress_runner.js:132448:16)\n    at tryCatcher (http://localhost:44257/__cypress/runner/cypress_runner.js:167415:23)\n    at Promise._settlePromiseFromHandler (http://localhost:44257/__cypress/runner/cypress_runner.js:165351:31)\n    at Promise._settlePromise (http://localhost:44257/__cypress/runner/cypress_runner.js:165408:18)\n    at Promise._settlePromise0 (http://localhost:44257/__cypress/runner/cypress_runner.js:165453:10)\n    at Promise._settlePromises (http://localhost:44257/__cypress/runner/cypress_runner.js:165528:18)\n    at Async../node_modules/bluebird/js/release/async.js.Async._drainQueue (http://localhost:44257/__cypress/runner/cypress_runner.js:162140:16)\n    at Async../node_modules/bluebird/js/release/async.js.Async._drainQueues (http://localhost:44257/__cypress/runner/cypress_runner.js:162150:10)\n    at Async.drainQueues (http://localhost:44257/__cypress/runner/cypress_runner.js:162024:14)",
                "diff": null
              },
              "uuid": "92823883-68e4-40ec-b581-fc01031e4f03",
              "parentUUID": "d856c689-9ee8-4ff3-ad1c-5800c07ded69",
              "isHook": false,
              "skipped": false
            },
            {
              "title": "Verifica se o botão contém o texto 'VQV'",
              "fullTitle": "10 - Faça o quadro de pixels ter seu tamanho definido pelo usuário. Verifica se o botão contém o texto 'VQV'",
              "timedOut": null,
              "duration": 4373,
              "state": "failed",
              "speed": null,
              "pass": false,
              "fail": true,
              "pending": false,
              "context": null,
              "code": "cy.get('#generate-board').contains(/vqv/i);",
              "err": {
                "message": "CypressError: Timed out retrying: Expected to find element: '#generate-board', but never found it.",
                "estack": "CypressError: Timed out retrying: Expected to find element: '#generate-board', but never found it.\n    at cypressErr (http://localhost:44257/__cypress/runner/cypress_runner.js:149934:9)\n    at throwErr (http://localhost:44257/__cypress/runner/cypress_runner.js:149867:11)\n    at Object.throwErrByPath (http://localhost:44257/__cypress/runner/cypress_runner.js:149915:3)\n    at retry (http://localhost:44257/__cypress/runner/cypress_runner.js:144197:19)\n    at onFailFn (http://localhost:44257/__cypress/runner/cypress_runner.js:132448:16)\n    at tryCatcher (http://localhost:44257/__cypress/runner/cypress_runner.js:167415:23)\n    at Promise._settlePromiseFromHandler (http://localhost:44257/__cypress/runner/cypress_runner.js:165351:31)\n    at Promise._settlePromise (http://localhost:44257/__cypress/runner/cypress_runner.js:165408:18)\n    at Promise._settlePromise0 (http://localhost:44257/__cypress/runner/cypress_runner.js:165453:10)\n    at Promise._settlePromises (http://localhost:44257/__cypress/runner/cypress_runner.js:165528:18)\n    at Async../node_modules/bluebird/js/release/async.js.Async._drainQueue (http://localhost:44257/__cypress/runner/cypress_runner.js:162140:16)\n    at Async../node_modules/bluebird/js/release/async.js.Async._drainQueues (http://localhost:44257/__cypress/runner/cypress_runner.js:162150:10)\n    at Async.drainQueues (http://localhost:44257/__cypress/runner/cypress_runner.js:162024:14)",
                "diff": null
              },
              "uuid": "ed0a314f-c156-41c4-8864-bc5fd91beeb0",
              "parentUUID": "d856c689-9ee8-4ff3-ad1c-5800c07ded69",
              "isHook": false,
              "skipped": false
            },
            {
              "title": "Verifica se o input está posicionado entre a paleta de cores e o quadro de pixels",
              "fullTitle": "10 - Faça o quadro de pixels ter seu tamanho definido pelo usuário. Verifica se o input está posicionado entre a paleta de cores e o quadro de pixels",
              "timedOut": null,
              "duration": 4373,
              "state": "failed",
              "speed": null,
              "pass": false,
              "fail": true,
              "pending": false,
              "context": null,
              "code": "cy.get('#color-palette').then(function (palette) {\n  cy.get('#board-size').should('be.belowOf', palette);\n});\ncy.get('#board-size').then(function (palette) {\n  cy.get('#pixel-board').should('be.belowOf', palette);\n});",
              "err": {
                "message": "CypressError: Timed out retrying: Expected to find element: '#board-size', but never found it.",
                "estack": "CypressError: Timed out retrying: Expected to find element: '#board-size', but never found it.\n    at cypressErr (http://localhost:44257/__cypress/runner/cypress_runner.js:149934:9)\n    at throwErr (http://localhost:44257/__cypress/runner/cypress_runner.js:149867:11)\n    at Object.throwErrByPath (http://localhost:44257/__cypress/runner/cypress_runner.js:149915:3)\n    at retry (http://localhost:44257/__cypress/runner/cypress_runner.js:144197:19)\n    at onFailFn (http://localhost:44257/__cypress/runner/cypress_runner.js:132448:16)\n    at tryCatcher (http://localhost:44257/__cypress/runner/cypress_runner.js:167415:23)\n    at Promise._settlePromiseFromHandler (http://localhost:44257/__cypress/runner/cypress_runner.js:165351:31)\n    at Promise._settlePromise (http://localhost:44257/__cypress/runner/cypress_runner.js:165408:18)\n    at Promise._settlePromise0 (http://localhost:44257/__cypress/runner/cypress_runner.js:165453:10)\n    at Promise._settlePromises (http://localhost:44257/__cypress/runner/cypress_runner.js:165528:18)\n    at Async../node_modules/bluebird/js/release/async.js.Async._drainQueue (http://localhost:44257/__cypress/runner/cypress_runner.js:162140:16)\n    at Async../node_modules/bluebird/js/release/async.js.Async._drainQueues (http://localhost:44257/__cypress/runner/cypress_runner.js:162150:10)\n    at Async.drainQueues (http://localhost:44257/__cypress/runner/cypress_runner.js:162024:14)",
                "diff": null
              },
              "uuid": "70680327-a436-4232-a97d-f4f40b9d4aea",
              "parentUUID": "d856c689-9ee8-4ff3-ad1c-5800c07ded69",
              "isHook": false,
              "skipped": false
            },
            {
              "title": "Verifica se o botão está posicionado ao lado do input",
              "fullTitle": "10 - Faça o quadro de pixels ter seu tamanho definido pelo usuário. Verifica se o botão está posicionado ao lado do input",
              "timedOut": null,
              "duration": 4385,
              "state": "failed",
              "speed": null,
              "pass": false,
              "fail": true,
              "pending": false,
              "context": null,
              "code": "cy.get('#board-size').then(function (board) {\n  cy.get('#generate-board').should('be.onTheRightOf', board);\n});",
              "err": {
                "message": "CypressError: Timed out retrying: Expected to find element: '#board-size', but never found it.",
                "estack": "CypressError: Timed out retrying: Expected to find element: '#board-size', but never found it.\n    at cypressErr (http://localhost:44257/__cypress/runner/cypress_runner.js:149934:9)\n    at throwErr (http://localhost:44257/__cypress/runner/cypress_runner.js:149867:11)\n    at Object.throwErrByPath (http://localhost:44257/__cypress/runner/cypress_runner.js:149915:3)\n    at retry (http://localhost:44257/__cypress/runner/cypress_runner.js:144197:19)\n    at onFailFn (http://localhost:44257/__cypress/runner/cypress_runner.js:132448:16)\n    at tryCatcher (http://localhost:44257/__cypress/runner/cypress_runner.js:167415:23)\n    at Promise._settlePromiseFromHandler (http://localhost:44257/__cypress/runner/cypress_runner.js:165351:31)\n    at Promise._settlePromise (http://localhost:44257/__cypress/runner/cypress_runner.js:165408:18)\n    at Promise._settlePromise0 (http://localhost:44257/__cypress/runner/cypress_runner.js:165453:10)\n    at Promise._settlePromises (http://localhost:44257/__cypress/runner/cypress_runner.js:165528:18)\n    at Async../node_modules/bluebird/js/release/async.js.Async._drainQueue (http://localhost:44257/__cypress/runner/cypress_runner.js:162140:16)\n    at Async../node_modules/bluebird/js/release/async.js.Async._drainQueues (http://localhost:44257/__cypress/runner/cypress_runner.js:162150:10)\n    at Async.drainQueues (http://localhost:44257/__cypress/runner/cypress_runner.js:162024:14)",
                "diff": null
              },
              "uuid": "c830015f-1643-4d0c-b161-7adaa03c02ca",
              "parentUUID": "d856c689-9ee8-4ff3-ad1c-5800c07ded69",
              "isHook": false,
              "skipped": false
            },
            {
              "title": "Verifica se nenhum valor for colocado no input ao clicar no botão, um `alert` é exibido com o texto: 'Board inválido!'",
              "fullTitle": "10 - Faça o quadro de pixels ter seu tamanho definido pelo usuário. Verifica se nenhum valor for colocado no input ao clicar no botão, um `alert` é exibido com o texto: 'Board inválido!'",
              "timedOut": null,
              "duration": 4350,
              "state": "failed",
              "speed": null,
              "pass": false,
              "fail": true,
              "pending": false,
              "context": null,
              "code": "var alerted = false;\ncy.on('window:alert', function (msg) {\n  return alerted = msg;\n});\ncy.get('#generate-board').click().then(function () {\n  return expect(alerted).to.match(/Board inválido!/i);\n});",
              "err": {
                "message": "CypressError: Timed out retrying: Expected to find element: '#generate-board', but never found it.",
                "estack": "CypressError: Timed out retrying: Expected to find element: '#generate-board', but never found it.\n    at cypressErr (http://localhost:44257/__cypress/runner/cypress_runner.js:149934:9)\n    at throwErr (http://localhost:44257/__cypress/runner/cypress_runner.js:149867:11)\n    at Object.throwErrByPath (http://localhost:44257/__cypress/runner/cypress_runner.js:149915:3)\n    at retry (http://localhost:44257/__cypress/runner/cypress_runner.js:144197:19)\n    at onFailFn (http://localhost:44257/__cypress/runner/cypress_runner.js:132448:16)\n    at tryCatcher (http://localhost:44257/__cypress/runner/cypress_runner.js:167415:23)\n    at Promise._settlePromiseFromHandler (http://localhost:44257/__cypress/runner/cypress_runner.js:165351:31)\n    at Promise._settlePromise (http://localhost:44257/__cypress/runner/cypress_runner.js:165408:18)\n    at Promise._settlePromise0 (http://localhost:44257/__cypress/runner/cypress_runner.js:165453:10)\n    at Promise._settlePromises (http://localhost:44257/__cypress/runner/cypress_runner.js:165528:18)\n    at Async../node_modules/bluebird/js/release/async.js.Async._drainQueue (http://localhost:44257/__cypress/runner/cypress_runner.js:162140:16)\n    at Async../node_modules/bluebird/js/release/async.js.Async._drainQueues (http://localhost:44257/__cypress/runner/cypress_runner.js:162150:10)\n    at Async.drainQueues (http://localhost:44257/__cypress/runner/cypress_runner.js:162024:14)",
                "diff": null
              },
              "uuid": "f51c23b2-eb25-4144-b8b7-fdd654a9e514",
              "parentUUID": "d856c689-9ee8-4ff3-ad1c-5800c07ded69",
              "isHook": false,
              "skipped": false
            },
            {
              "title": "Verifica se ao clicar no botão com um valor preenchido, o tamanho do board muda.",
              "fullTitle": "10 - Faça o quadro de pixels ter seu tamanho definido pelo usuário. Verifica se ao clicar no botão com um valor preenchido, o tamanho do board muda.",
              "timedOut": null,
              "duration": 4360,
              "state": "failed",
              "speed": null,
              "pass": false,
              "fail": true,
              "pending": false,
              "context": null,
              "code": "cy.get('#board-size').clear().type(10);\ncy.get('#generate-board').click();\ncy.get('.pixel').should('have.length', 100);",
              "err": {
                "message": "CypressError: Timed out retrying: Expected to find element: '#board-size', but never found it.",
                "estack": "CypressError: Timed out retrying: Expected to find element: '#board-size', but never found it.\n    at cypressErr (http://localhost:44257/__cypress/runner/cypress_runner.js:149934:9)\n    at throwErr (http://localhost:44257/__cypress/runner/cypress_runner.js:149867:11)\n    at Object.throwErrByPath (http://localhost:44257/__cypress/runner/cypress_runner.js:149915:3)\n    at retry (http://localhost:44257/__cypress/runner/cypress_runner.js:144197:19)\n    at onFailFn (http://localhost:44257/__cypress/runner/cypress_runner.js:132448:16)\n    at tryCatcher (http://localhost:44257/__cypress/runner/cypress_runner.js:167415:23)\n    at Promise._settlePromiseFromHandler (http://localhost:44257/__cypress/runner/cypress_runner.js:165351:31)\n    at Promise._settlePromise (http://localhost:44257/__cypress/runner/cypress_runner.js:165408:18)\n    at Promise._settlePromise0 (http://localhost:44257/__cypress/runner/cypress_runner.js:165453:10)\n    at Promise._settlePromises (http://localhost:44257/__cypress/runner/cypress_runner.js:165528:18)\n    at Async../node_modules/bluebird/js/release/async.js.Async._drainQueue (http://localhost:44257/__cypress/runner/cypress_runner.js:162140:16)\n    at Async../node_modules/bluebird/js/release/async.js.Async._drainQueues (http://localhost:44257/__cypress/runner/cypress_runner.js:162150:10)\n    at Async.drainQueues (http://localhost:44257/__cypress/runner/cypress_runner.js:162024:14)",
                "diff": null
              },
              "uuid": "ae464c8e-b506-4970-a839-33bd550d113b",
              "parentUUID": "d856c689-9ee8-4ff3-ad1c-5800c07ded69",
              "isHook": false,
              "skipped": false
            },
            {
              "title": "Verifica se o novo quadro tem todos os pixels preenchidos com a cor branca",
              "fullTitle": "10 - Faça o quadro de pixels ter seu tamanho definido pelo usuário. Verifica se o novo quadro tem todos os pixels preenchidos com a cor branca",
              "timedOut": null,
              "duration": 4383,
              "state": "failed",
              "speed": null,
              "pass": false,
              "fail": true,
              "pending": false,
              "context": null,
              "code": "cy.get('#board-size').clear().type(6);\ncy.get('#generate-board').click();\ncy.get('.pixel').should('have.length', 36).each(function (pixel) {\n  expect(pixel).to.have.css('background-color', WHITE);\n});",
              "err": {
                "message": "CypressError: Timed out retrying: Expected to find element: '#board-size', but never found it.",
                "estack": "CypressError: Timed out retrying: Expected to find element: '#board-size', but never found it.\n    at cypressErr (http://localhost:44257/__cypress/runner/cypress_runner.js:149934:9)\n    at throwErr (http://localhost:44257/__cypress/runner/cypress_runner.js:149867:11)\n    at Object.throwErrByPath (http://localhost:44257/__cypress/runner/cypress_runner.js:149915:3)\n    at retry (http://localhost:44257/__cypress/runner/cypress_runner.js:144197:19)\n    at onFailFn (http://localhost:44257/__cypress/runner/cypress_runner.js:132448:16)\n    at tryCatcher (http://localhost:44257/__cypress/runner/cypress_runner.js:167415:23)\n    at Promise._settlePromiseFromHandler (http://localhost:44257/__cypress/runner/cypress_runner.js:165351:31)\n    at Promise._settlePromise (http://localhost:44257/__cypress/runner/cypress_runner.js:165408:18)\n    at Promise._settlePromise0 (http://localhost:44257/__cypress/runner/cypress_runner.js:165453:10)\n    at Promise._settlePromises (http://localhost:44257/__cypress/runner/cypress_runner.js:165528:18)\n    at Async../node_modules/bluebird/js/release/async.js.Async._drainQueue (http://localhost:44257/__cypress/runner/cypress_runner.js:162140:16)\n    at Async../node_modules/bluebird/js/release/async.js.Async._drainQueues (http://localhost:44257/__cypress/runner/cypress_runner.js:162150:10)\n    at Async.drainQueues (http://localhost:44257/__cypress/runner/cypress_runner.js:162024:14)",
                "diff": null
              },
              "uuid": "6c02d936-daee-4dfc-97a8-f356a76015d9",
              "parentUUID": "d856c689-9ee8-4ff3-ad1c-5800c07ded69",
              "isHook": false,
              "skipped": false
            }
          ],
          "suites": [],
          "passes": [],
          "failures": [
            "e389d13a-096e-48e8-89d7-66bb5a8ca2fa",
            "5129f544-dca4-44e4-a965-45aa3a35053c",
            "92823883-68e4-40ec-b581-fc01031e4f03",
            "ed0a314f-c156-41c4-8864-bc5fd91beeb0",
            "70680327-a436-4232-a97d-f4f40b9d4aea",
            "c830015f-1643-4d0c-b161-7adaa03c02ca",
            "f51c23b2-eb25-4144-b8b7-fdd654a9e514",
            "ae464c8e-b506-4970-a839-33bd550d113b",
            "6c02d936-daee-4dfc-97a8-f356a76015d9"
          ],
          "pending": [],
          "skipped": [],
          "duration": 39341,
          "root": false,
          "rootEmpty": false,
          "_timeout": 2000
        },
        {
          "uuid": "8b5d2b84-2caf-4d9f-be3c-54eec4af5801",
          "title": "11 - Limite o tamanho mínimo e máximo do board.",
          "fullFile": "",
          "file": "",
          "beforeHooks": [],
          "afterHooks": [],
          "tests": [
            {
              "title": "Verifica se a altura máxima do board é 50",
              "fullTitle": "11 - Limite o tamanho mínimo e máximo do board. Verifica se a altura máxima do board é 50",
              "timedOut": null,
              "duration": 4326,
              "state": "failed",
              "speed": null,
              "pass": false,
              "fail": true,
              "pending": false,
              "context": null,
              "code": "cy.get('#board-size').clear().type(50);\ncy.get('#generate-board').click();\ncy.get('.pixel').should('have.length', 2500);",
              "err": {
                "message": "CypressError: Timed out retrying: Expected to find element: '#board-size', but never found it.",
                "estack": "CypressError: Timed out retrying: Expected to find element: '#board-size', but never found it.\n    at cypressErr (http://localhost:44257/__cypress/runner/cypress_runner.js:149934:9)\n    at throwErr (http://localhost:44257/__cypress/runner/cypress_runner.js:149867:11)\n    at Object.throwErrByPath (http://localhost:44257/__cypress/runner/cypress_runner.js:149915:3)\n    at retry (http://localhost:44257/__cypress/runner/cypress_runner.js:144197:19)\n    at onFailFn (http://localhost:44257/__cypress/runner/cypress_runner.js:132448:16)\n    at tryCatcher (http://localhost:44257/__cypress/runner/cypress_runner.js:167415:23)\n    at Promise._settlePromiseFromHandler (http://localhost:44257/__cypress/runner/cypress_runner.js:165351:31)\n    at Promise._settlePromise (http://localhost:44257/__cypress/runner/cypress_runner.js:165408:18)\n    at Promise._settlePromise0 (http://localhost:44257/__cypress/runner/cypress_runner.js:165453:10)\n    at Promise._settlePromises (http://localhost:44257/__cypress/runner/cypress_runner.js:165528:18)\n    at Async../node_modules/bluebird/js/release/async.js.Async._drainQueue (http://localhost:44257/__cypress/runner/cypress_runner.js:162140:16)\n    at Async../node_modules/bluebird/js/release/async.js.Async._drainQueues (http://localhost:44257/__cypress/runner/cypress_runner.js:162150:10)\n    at Async.drainQueues (http://localhost:44257/__cypress/runner/cypress_runner.js:162024:14)",
                "diff": null
              },
              "uuid": "b4bae727-e8e8-4ce0-8b34-60316ebadefd",
              "parentUUID": "8b5d2b84-2caf-4d9f-be3c-54eec4af5801",
              "isHook": false,
              "skipped": false
            },
            {
              "title": "Verifica se a altura do board é 5 quando um valor menor é colocado no input",
              "fullTitle": "11 - Limite o tamanho mínimo e máximo do board. Verifica se a altura do board é 5 quando um valor menor é colocado no input",
              "timedOut": null,
              "duration": 4359,
              "state": "failed",
              "speed": null,
              "pass": false,
              "fail": true,
              "pending": false,
              "context": null,
              "code": "cy.get('#board-size').clear().type(4);\ncy.get('#generate-board').click();\ncy.get('.pixel').should('have.length', 25);",
              "err": {
                "message": "CypressError: Timed out retrying: Expected to find element: '#board-size', but never found it.",
                "estack": "CypressError: Timed out retrying: Expected to find element: '#board-size', but never found it.\n    at cypressErr (http://localhost:44257/__cypress/runner/cypress_runner.js:149934:9)\n    at throwErr (http://localhost:44257/__cypress/runner/cypress_runner.js:149867:11)\n    at Object.throwErrByPath (http://localhost:44257/__cypress/runner/cypress_runner.js:149915:3)\n    at retry (http://localhost:44257/__cypress/runner/cypress_runner.js:144197:19)\n    at onFailFn (http://localhost:44257/__cypress/runner/cypress_runner.js:132448:16)\n    at tryCatcher (http://localhost:44257/__cypress/runner/cypress_runner.js:167415:23)\n    at Promise._settlePromiseFromHandler (http://localhost:44257/__cypress/runner/cypress_runner.js:165351:31)\n    at Promise._settlePromise (http://localhost:44257/__cypress/runner/cypress_runner.js:165408:18)\n    at Promise._settlePromise0 (http://localhost:44257/__cypress/runner/cypress_runner.js:165453:10)\n    at Promise._settlePromises (http://localhost:44257/__cypress/runner/cypress_runner.js:165528:18)\n    at Async../node_modules/bluebird/js/release/async.js.Async._drainQueue (http://localhost:44257/__cypress/runner/cypress_runner.js:162140:16)\n    at Async../node_modules/bluebird/js/release/async.js.Async._drainQueues (http://localhost:44257/__cypress/runner/cypress_runner.js:162150:10)\n    at Async.drainQueues (http://localhost:44257/__cypress/runner/cypress_runner.js:162024:14)",
                "diff": null
              },
              "uuid": "f28819c8-2794-4b07-afae-415360313f7b",
              "parentUUID": "8b5d2b84-2caf-4d9f-be3c-54eec4af5801",
              "isHook": false,
              "skipped": false
            },
            {
              "title": "Verifica se a altura do board é 50 quando um valor maior é colocado no input",
              "fullTitle": "11 - Limite o tamanho mínimo e máximo do board. Verifica se a altura do board é 50 quando um valor maior é colocado no input",
              "timedOut": null,
              "duration": 4339,
              "state": "failed",
              "speed": null,
              "pass": false,
              "fail": true,
              "pending": false,
              "context": null,
              "code": "cy.get('#board-size').clear().type(51);\ncy.get('#generate-board').click();\ncy.get('.pixel').should('have.length', 2500);",
              "err": {
                "message": "CypressError: Timed out retrying: Expected to find element: '#board-size', but never found it.",
                "estack": "CypressError: Timed out retrying: Expected to find element: '#board-size', but never found it.\n    at cypressErr (http://localhost:44257/__cypress/runner/cypress_runner.js:149934:9)\n    at throwErr (http://localhost:44257/__cypress/runner/cypress_runner.js:149867:11)\n    at Object.throwErrByPath (http://localhost:44257/__cypress/runner/cypress_runner.js:149915:3)\n    at retry (http://localhost:44257/__cypress/runner/cypress_runner.js:144197:19)\n    at onFailFn (http://localhost:44257/__cypress/runner/cypress_runner.js:132448:16)\n    at tryCatcher (http://localhost:44257/__cypress/runner/cypress_runner.js:167415:23)\n    at Promise._settlePromiseFromHandler (http://localhost:44257/__cypress/runner/cypress_runner.js:165351:31)\n    at Promise._settlePromise (http://localhost:44257/__cypress/runner/cypress_runner.js:165408:18)\n    at Promise._settlePromise0 (http://localhost:44257/__cypress/runner/cypress_runner.js:165453:10)\n    at Promise._settlePromises (http://localhost:44257/__cypress/runner/cypress_runner.js:165528:18)\n    at Async../node_modules/bluebird/js/release/async.js.Async._drainQueue (http://localhost:44257/__cypress/runner/cypress_runner.js:162140:16)\n    at Async../node_modules/bluebird/js/release/async.js.Async._drainQueues (http://localhost:44257/__cypress/runner/cypress_runner.js:162150:10)\n    at Async.drainQueues (http://localhost:44257/__cypress/runner/cypress_runner.js:162024:14)",
                "diff": null
              },
              "uuid": "6fbee9b3-cde2-4cba-a208-1b5bffffe8a1",
              "parentUUID": "8b5d2b84-2caf-4d9f-be3c-54eec4af5801",
              "isHook": false,
              "skipped": false
            }
          ],
          "suites": [],
          "passes": [],
          "failures": [
            "b4bae727-e8e8-4ce0-8b34-60316ebadefd",
            "f28819c8-2794-4b07-afae-415360313f7b",
            "6fbee9b3-cde2-4cba-a208-1b5bffffe8a1"
          ],
          "pending": [],
          "skipped": [],
          "duration": 13024,
          "root": false,
          "rootEmpty": false,
          "_timeout": 2000
        },
        {
          "uuid": "3d392ca9-b799-4600-84d9-eb40ea1c48a0",
          "title": "12 - Faça com que as cores da paleta sejam geradas aleatoriamente ao carregar a página.",
          "fullFile": "",
          "file": "",
          "beforeHooks": [],
          "afterHooks": [],
          "tests": [
            {
              "title": "Verifica se as cores geradas na paleta são diferentes a cada carregamento da página",
              "fullTitle": "12 - Faça com que as cores da paleta sejam geradas aleatoriamente ao carregar a página. Verifica se as cores geradas na paleta são diferentes a cada carregamento da página",
              "timedOut": null,
              "duration": 480,
              "state": "failed",
              "speed": null,
              "pass": false,
              "fail": true,
              "pending": false,
              "context": null,
              "code": "cy.get('.color').then(function (colors) {\n  var currentColors;\n  var previousColors;\n  previousColors = Array.from(colors).map(function (color) {\n    return Cypress.$(color).css('background-color');\n  });\n  for (var i = 0; i < 5; i += 1) {\n    cy.reload();\n    cy.get('.color').then(function (colors) {\n      currentColors = Array.from(colors).map(function (color) {\n        return Cypress.$(color).css('background-color');\n      });\n      expect(currentColors).not.to.deep.equal(previousColors);\n      previousColors = currentColors;\n    });\n  }\n});",
              "err": {
                "message": "AssertionError: expected [ Array(4) ] to not deeply equal [ Array(4) ]",
                "estack": "AssertionError: expected [ Array(4) ] to not deeply equal [ Array(4) ]\n    at getRet (http://localhost:44257/__cypress/runner/cypress_runner.js:136585:16)\n    at tryCatcher (http://localhost:44257/__cypress/runner/cypress_runner.js:167415:23)\n    at Function.Promise.attempt.Promise.try (http://localhost:44257/__cypress/runner/cypress_runner.js:164690:29)\n    at Context.thenFn (http://localhost:44257/__cypress/runner/cypress_runner.js:136599:23)\n    at Context.then (http://localhost:44257/__cypress/runner/cypress_runner.js:136971:21)\n    at Context.<anonymous> (http://localhost:44257/__cypress/runner/cypress_runner.js:148875:21)\n    at http://localhost:44257/__cypress/runner/cypress_runner.js:148351:33\n    at tryCatcher (http://localhost:44257/__cypress/runner/cypress_runner.js:167415:23)\n    at Promise._settlePromiseFromHandler (http://localhost:44257/__cypress/runner/cypress_runner.js:165351:31)\n    at Promise._settlePromise (http://localhost:44257/__cypress/runner/cypress_runner.js:165408:18)\n    at Promise._settlePromiseCtx (http://localhost:44257/__cypress/runner/cypress_runner.js:165445:10)\n    at Async../node_modules/bluebird/js/release/async.js.Async._drainQueue (http://localhost:44257/__cypress/runner/cypress_runner.js:162145:12)\n    at Async../node_modules/bluebird/js/release/async.js.Async._drainQueues (http://localhost:44257/__cypress/runner/cypress_runner.js:162150:10)\n    at Async.drainQueues (http://localhost:44257/__cypress/runner/cypress_runner.js:162024:14)",
                "diff": ""
              },
              "uuid": "16a1ba18-3991-4a3c-81fa-ef4bdec19288",
              "parentUUID": "3d392ca9-b799-4600-84d9-eb40ea1c48a0",
              "isHook": false,
              "skipped": false
            },
            {
              "title": "Verifica se a cor preta ainda está presente e é a primeira na sua paleta de cores",
              "fullTitle": "12 - Faça com que as cores da paleta sejam geradas aleatoriamente ao carregar a página. Verifica se a cor preta ainda está presente e é a primeira na sua paleta de cores",
              "timedOut": null,
              "duration": 422,
              "state": "failed",
              "speed": null,
              "pass": false,
              "fail": true,
              "pending": false,
              "context": null,
              "code": "cy.get('.color').then(function (colors) {\n  var currentColors;\n  var previousColors;\n  previousColors = Array.from(colors).map(function (color) {\n    return Cypress.$(color).css('background-color');\n  });\n  expect(previousColors[0]).to.eq(BLACK);\n  for (var i = 0; i < 5; i += 1) {\n    cy.reload();\n    cy.get('.color').then(function (colors) {\n      currentColors = Array.from(colors).map(function (color) {\n        return Cypress.$(color).css('background-color');\n      });\n      expect(currentColors[0]).to.eq(BLACK);\n      expect(currentColors).not.to.deep.equal(previousColors);\n      previousColors = currentColors;\n    });\n  }\n});",
              "err": {
                "message": "AssertionError: expected [ Array(4) ] to not deeply equal [ Array(4) ]",
                "estack": "AssertionError: expected [ Array(4) ] to not deeply equal [ Array(4) ]\n    at getRet (http://localhost:44257/__cypress/runner/cypress_runner.js:136585:16)\n    at tryCatcher (http://localhost:44257/__cypress/runner/cypress_runner.js:167415:23)\n    at Function.Promise.attempt.Promise.try (http://localhost:44257/__cypress/runner/cypress_runner.js:164690:29)\n    at Context.thenFn (http://localhost:44257/__cypress/runner/cypress_runner.js:136599:23)\n    at Context.then (http://localhost:44257/__cypress/runner/cypress_runner.js:136971:21)\n    at Context.<anonymous> (http://localhost:44257/__cypress/runner/cypress_runner.js:148875:21)\n    at http://localhost:44257/__cypress/runner/cypress_runner.js:148351:33\n    at tryCatcher (http://localhost:44257/__cypress/runner/cypress_runner.js:167415:23)\n    at Promise._settlePromiseFromHandler (http://localhost:44257/__cypress/runner/cypress_runner.js:165351:31)\n    at Promise._settlePromise (http://localhost:44257/__cypress/runner/cypress_runner.js:165408:18)\n    at Promise._settlePromiseCtx (http://localhost:44257/__cypress/runner/cypress_runner.js:165445:10)\n    at Async../node_modules/bluebird/js/release/async.js.Async._drainQueue (http://localhost:44257/__cypress/runner/cypress_runner.js:162145:12)\n    at Async../node_modules/bluebird/js/release/async.js.Async._drainQueues (http://localhost:44257/__cypress/runner/cypress_runner.js:162150:10)\n    at Async.drainQueues (http://localhost:44257/__cypress/runner/cypress_runner.js:162024:14)",
                "diff": ""
              },
              "uuid": "f01cd010-214b-4d1b-9be3-4dbc24c4fe3f",
              "parentUUID": "3d392ca9-b799-4600-84d9-eb40ea1c48a0",
              "isHook": false,
              "skipped": false
            }
          ],
          "suites": [],
          "passes": [],
          "failures": [
            "16a1ba18-3991-4a3c-81fa-ef4bdec19288",
            "f01cd010-214b-4d1b-9be3-4dbc24c4fe3f"
          ],
          "pending": [],
          "skipped": [],
          "duration": 902,
          "root": false,
          "rootEmpty": false,
          "_timeout": 2000
        }
      ],
      "passes": [],
      "failures": [],
      "pending": [],
      "skipped": [],
      "duration": 0,
      "root": true,
      "rootEmpty": true,
      "_timeout": 2000
    }
  ],
  "meta": {
    "mocha": {
      "version": "7.0.1"
    },
    "mochawesome": {
      "options": {
        "quiet": false,
        "reportFilename": "mochawesome",
        "saveHtml": false,
        "saveJson": true,
        "consoleReporter": "spec",
        "useInlineDiffs": false
      },
      "version": "4.1.0"
    },
    "marge": {
      "options": {
        "id": "default",
        "reportDir": "cypress/reports",
        "overwrite": true,
        "html": false,
        "json": true
      },
      "version": "4.1.0"
    }
  }
}