{
  "stats": {
    "suites": 12,
    "tests": 41,
    "passes": 23,
    "pending": 0,
    "failures": 18,
    "start": "2022-01-05T01:45:33.338Z",
    "end": "2022-01-05T01:46:58.990Z",
    "duration": 85652,
    "testsRegistered": 41,
    "passPercent": 56.09756097560976,
    "pendingPercent": 0,
    "other": 0,
    "hasOther": false,
    "skipped": 0,
    "hasSkipped": false
  },
  "results": [
    {
      "uuid": "2a16a5ac-830d-4ce7-a9d3-0b23804c7857",
      "title": "",
      "fullFile": "cypress/integration/project.spec.js",
      "file": "cypress/integration/project.spec.js",
      "beforeHooks": [],
      "afterHooks": [],
      "tests": [],
      "suites": [
        {
          "uuid": "cfb3a6ca-c49d-4fce-80e5-73eab444da4b",
          "title": "1 - Adicione à página o título \"Paleta de Cores\".",
          "fullFile": "",
          "file": "",
          "beforeHooks": [],
          "afterHooks": [],
          "tests": [
            {
              "title": "Verifica se contém um elemento `h1` com o id `title` com o título correto",
              "fullTitle": "1 - Adicione à página o título \"Paleta de Cores\". Verifica se contém um elemento `h1` com o id `title` com o título correto",
              "timedOut": null,
              "duration": 318,
              "state": "passed",
              "speed": "slow",
              "pass": true,
              "fail": false,
              "pending": false,
              "context": null,
              "code": "cy.get('h1#title').should('contain.text', 'Paleta de Cores');",
              "err": {},
              "uuid": "4c61bd04-007f-44f7-814e-af13ff72dbbb",
              "parentUUID": "cfb3a6ca-c49d-4fce-80e5-73eab444da4b",
              "isHook": false,
              "skipped": false
            }
          ],
          "suites": [],
          "passes": [
            "4c61bd04-007f-44f7-814e-af13ff72dbbb"
          ],
          "failures": [],
          "pending": [],
          "skipped": [],
          "duration": 318,
          "root": false,
          "rootEmpty": false,
          "_timeout": 2000
        },
        {
          "uuid": "3bb11313-38b6-4589-8b7f-1459a719265f",
          "title": "2 - Adicione à página uma paleta de quatro cores distintas.",
          "fullFile": "",
          "file": "",
          "beforeHooks": [],
          "afterHooks": [],
          "tests": [
            {
              "title": "A paleta de cores deve ser um elemento com `id` denominado `color-palette`",
              "fullTitle": "2 - Adicione à página uma paleta de quatro cores distintas. A paleta de cores deve ser um elemento com `id` denominado `color-palette`",
              "timedOut": null,
              "duration": 167,
              "state": "passed",
              "speed": "slow",
              "pass": true,
              "fail": false,
              "pending": false,
              "context": null,
              "code": "cy.get('#color-palette').should('be.visible');\ncy.get('#color-palette').children('.color');",
              "err": {},
              "uuid": "f111ec9c-b894-45a4-825c-7d5047b29484",
              "parentUUID": "3bb11313-38b6-4589-8b7f-1459a719265f",
              "isHook": false,
              "skipped": false
            },
            {
              "title": "Verifica se cada cor individual da paleta de cores possui a `classe` chamada `color`.",
              "fullTitle": "2 - Adicione à página uma paleta de quatro cores distintas. Verifica se cada cor individual da paleta de cores possui a `classe` chamada `color`.",
              "timedOut": null,
              "duration": 177,
              "state": "passed",
              "speed": "slow",
              "pass": true,
              "fail": false,
              "pending": false,
              "context": null,
              "code": "cy.get('.color').should('have.length', 4).then(function (colors) {\n  for (var i = 0; i < colors.length; i++) {\n    cy.wrap(colors[i]).should('be.visible');\n  }\n});",
              "err": {},
              "uuid": "e1747a64-4f7f-4454-adee-43581a2849ad",
              "parentUUID": "3bb11313-38b6-4589-8b7f-1459a719265f",
              "isHook": false,
              "skipped": false
            },
            {
              "title": "Verifica se a cor de fundo de cada elemento da paleta é a cor que o elemento representa. **A única cor não permitida na paleta é a cor branca.**",
              "fullTitle": "2 - Adicione à página uma paleta de quatro cores distintas. Verifica se a cor de fundo de cada elemento da paleta é a cor que o elemento representa. **A única cor não permitida na paleta é a cor branca.**",
              "timedOut": null,
              "duration": 141,
              "state": "passed",
              "speed": "slow",
              "pass": true,
              "fail": false,
              "pending": false,
              "context": null,
              "code": "cy.get('.color').each(function (color) {\n  cy.wrap(color).should('have.class', 'color').and('not.have.css', 'background-color', WHITE);\n  cy.wrap(color).should('have.css', 'background-color');\n});",
              "err": {},
              "uuid": "741b0171-bf9d-4633-b887-357b82667ffa",
              "parentUUID": "3bb11313-38b6-4589-8b7f-1459a719265f",
              "isHook": false,
              "skipped": false
            },
            {
              "title": "Verifica se cada elemento da paleta de cores tem uma borda preta, sólida e com 1 pixel de largura;",
              "fullTitle": "2 - Adicione à página uma paleta de quatro cores distintas. Verifica se cada elemento da paleta de cores tem uma borda preta, sólida e com 1 pixel de largura;",
              "timedOut": null,
              "duration": 127,
              "state": "passed",
              "speed": "slow",
              "pass": true,
              "fail": false,
              "pending": false,
              "context": null,
              "code": "cy.get('.color').each(function (color) {\n  cy.wrap(color).and('have.css', 'border', \"1px solid \".concat(BLACK)).and('have.class', 'color');\n});",
              "err": {},
              "uuid": "1dfce10e-655c-433c-8b88-1507deb50667",
              "parentUUID": "3bb11313-38b6-4589-8b7f-1459a719265f",
              "isHook": false,
              "skipped": false
            },
            {
              "title": "Verifica se a paleta lista todas as cores disponíveis para utilização, lado a lado.",
              "fullTitle": "2 - Adicione à página uma paleta de quatro cores distintas. Verifica se a paleta lista todas as cores disponíveis para utilização, lado a lado.",
              "timedOut": null,
              "duration": 137,
              "state": "passed",
              "speed": "slow",
              "pass": true,
              "fail": false,
              "pending": false,
              "context": null,
              "code": "cy.get('.color').then(function (colors) {\n  for (var index = 1; index < colors.length; index += 1) {\n    var currentColor = colors[index];\n    var previousColor = colors[index - 1];\n    cy.wrap(currentColor).should('be.onTheRightOf', previousColor).and('be.horizontallyAlignedWith', previousColor);\n  }\n});",
              "err": {},
              "uuid": "755c9081-cee6-4ba1-b424-246d87244d6d",
              "parentUUID": "3bb11313-38b6-4589-8b7f-1459a719265f",
              "isHook": false,
              "skipped": false
            },
            {
              "title": "Verifica se a paleta de cores está posicionada abaixo do título 'Paleta de Cores'",
              "fullTitle": "2 - Adicione à página uma paleta de quatro cores distintas. Verifica se a paleta de cores está posicionada abaixo do título 'Paleta de Cores'",
              "timedOut": null,
              "duration": 140,
              "state": "passed",
              "speed": "slow",
              "pass": true,
              "fail": false,
              "pending": false,
              "context": null,
              "code": "cy.get('h1#title').then(function (title) {\n  cy.get('#color-palette').should('be.belowOf', title);\n});",
              "err": {},
              "uuid": "e0e12e2a-e457-4d84-a73e-4e32a097887a",
              "parentUUID": "3bb11313-38b6-4589-8b7f-1459a719265f",
              "isHook": false,
              "skipped": false
            },
            {
              "title": "Verifica se a paleta de cores não contém cores repetidas.",
              "fullTitle": "2 - Adicione à página uma paleta de quatro cores distintas. Verifica se a paleta de cores não contém cores repetidas.",
              "timedOut": null,
              "duration": 94,
              "state": "passed",
              "speed": "slow",
              "pass": true,
              "fail": false,
              "pending": false,
              "context": null,
              "code": "cy.get('.color').then(function (colors) {\n  var allColors = Array.from(colors).map(function (color) {\n    return Cypress.$(color).css('background-color');\n  });\n  cy.log(allColors);\n  var uniqColors = (0, _toConsumableArray2[\"default\"])(new Set(allColors));\n  cy.log(uniqColors);\n  expect(allColors.length).to.eq(uniqColors.length);\n});",
              "err": {},
              "uuid": "69584edb-6dec-4167-baef-970759d84376",
              "parentUUID": "3bb11313-38b6-4589-8b7f-1459a719265f",
              "isHook": false,
              "skipped": false
            }
          ],
          "suites": [],
          "passes": [
            "f111ec9c-b894-45a4-825c-7d5047b29484",
            "e1747a64-4f7f-4454-adee-43581a2849ad",
            "741b0171-bf9d-4633-b887-357b82667ffa",
            "1dfce10e-655c-433c-8b88-1507deb50667",
            "755c9081-cee6-4ba1-b424-246d87244d6d",
            "e0e12e2a-e457-4d84-a73e-4e32a097887a",
            "69584edb-6dec-4167-baef-970759d84376"
          ],
          "failures": [],
          "pending": [],
          "skipped": [],
          "duration": 983,
          "root": false,
          "rootEmpty": false,
          "_timeout": 2000
        },
        {
          "uuid": "dbd19806-0486-4363-8a0a-263d5962013e",
          "title": "3 - Adicione a cor **preta** como a primeira cor da paleta de cores.",
          "fullFile": "",
          "file": "",
          "beforeHooks": [],
          "afterHooks": [],
          "tests": [
            {
              "title": "Verifica se a primeira cor da paleta é preta",
              "fullTitle": "3 - Adicione a cor **preta** como a primeira cor da paleta de cores. Verifica se a primeira cor da paleta é preta",
              "timedOut": null,
              "duration": 103,
              "state": "passed",
              "speed": "slow",
              "pass": true,
              "fail": false,
              "pending": false,
              "context": null,
              "code": "cy.get('.color').first().should('have.css', 'background-color', BLACK);",
              "err": {},
              "uuid": "49b6ff68-74d2-4c01-bfff-600b5f1e1b52",
              "parentUUID": "dbd19806-0486-4363-8a0a-263d5962013e",
              "isHook": false,
              "skipped": false
            },
            {
              "title": "Verifica se as demais cores podem ser escolhidas livremente.",
              "fullTitle": "3 - Adicione a cor **preta** como a primeira cor da paleta de cores. Verifica se as demais cores podem ser escolhidas livremente.",
              "timedOut": null,
              "duration": 192,
              "state": "passed",
              "speed": "slow",
              "pass": true,
              "fail": false,
              "pending": false,
              "context": null,
              "code": "cy.get('.color').eq(1).should('not.have.css', 'background-color', BLACK);\ncy.get('.color').eq(1).should('not.have.css', 'background-color', WHITE);\ncy.get('.color').eq(1).should('not.have.css', 'background-color', 'rgba(0, 0, 0, 0)');\ncy.get('.color').eq(1).should('have.css', 'background-color');\ncy.get('.color').eq(2).should('not.have.css', 'background-color', BLACK);\ncy.get('.color').eq(2).should('not.have.css', 'background-color', WHITE);\ncy.get('.color').eq(2).should('not.have.css', 'background-color', 'rgba(0, 0, 0, 0)');\ncy.get('.color').eq(2).should('have.css', 'background-color');\ncy.get('.color').eq(3).should('not.have.css', 'background-color', BLACK);\ncy.get('.color').eq(3).should('not.have.css', 'background-color', WHITE);\ncy.get('.color').eq(3).should('not.have.css', 'background-color', 'rgba(0, 0, 0, 0)');\ncy.get('.color').eq(3).should('have.css', 'background-color');",
              "err": {},
              "uuid": "acb8ec49-565d-4393-8a8d-88f1f3458fcd",
              "parentUUID": "dbd19806-0486-4363-8a0a-263d5962013e",
              "isHook": false,
              "skipped": false
            }
          ],
          "suites": [],
          "passes": [
            "49b6ff68-74d2-4c01-bfff-600b5f1e1b52",
            "acb8ec49-565d-4393-8a8d-88f1f3458fcd"
          ],
          "failures": [],
          "pending": [],
          "skipped": [],
          "duration": 295,
          "root": false,
          "rootEmpty": false,
          "_timeout": 2000
        },
        {
          "uuid": "1dd3f630-bf44-4902-8ed3-6b4a58690dc2",
          "title": "4 - Adicione à página um quadro de pixels, com 25 pixels.",
          "fullFile": "",
          "file": "",
          "beforeHooks": [],
          "afterHooks": [],
          "tests": [
            {
              "title": "Verifica se o quadro de pixels possui o `id` denominado `pixel-board`",
              "fullTitle": "4 - Adicione à página um quadro de pixels, com 25 pixels. Verifica se o quadro de pixels possui o `id` denominado `pixel-board`",
              "timedOut": null,
              "duration": 134,
              "state": "passed",
              "speed": "slow",
              "pass": true,
              "fail": false,
              "pending": false,
              "context": null,
              "code": "cy.get('#pixel-board').should('be.visible');",
              "err": {},
              "uuid": "0ca1fa63-3331-4559-a9b4-ee35998c83a7",
              "parentUUID": "1dd3f630-bf44-4902-8ed3-6b4a58690dc2",
              "isHook": false,
              "skipped": false
            },
            {
              "title": "Verifica se cada pixel individual dentro do quadro possui a `classe` denominada `pixel`.",
              "fullTitle": "4 - Adicione à página um quadro de pixels, com 25 pixels. Verifica se cada pixel individual dentro do quadro possui a `classe` denominada `pixel`.",
              "timedOut": null,
              "duration": 136,
              "state": "passed",
              "speed": "slow",
              "pass": true,
              "fail": false,
              "pending": false,
              "context": null,
              "code": "cy.get('.pixel').should('have.length', 25);",
              "err": {},
              "uuid": "0193df9c-8869-43a9-9440-d9dcf78aa888",
              "parentUUID": "1dd3f630-bf44-4902-8ed3-6b4a58690dc2",
              "isHook": false,
              "skipped": false
            },
            {
              "title": "Verifica se a cor inicial dos pixels dentro do quadro, ao abrir a página, é branca.",
              "fullTitle": "4 - Adicione à página um quadro de pixels, com 25 pixels. Verifica se a cor inicial dos pixels dentro do quadro, ao abrir a página, é branca.",
              "timedOut": null,
              "duration": 188,
              "state": "passed",
              "speed": "slow",
              "pass": true,
              "fail": false,
              "pending": false,
              "context": null,
              "code": "cy.get('.pixel').should('have.length', 25).each(function (pixel) {\n  expect(pixel).to.have.css('background-color', WHITE);\n});",
              "err": {},
              "uuid": "32c44f17-9e86-45ec-ab7e-96c6bf41e590",
              "parentUUID": "1dd3f630-bf44-4902-8ed3-6b4a58690dc2",
              "isHook": false,
              "skipped": false
            },
            {
              "title": "Verifica se o quadro de pixels aparece abaixo da paleta de cores",
              "fullTitle": "4 - Adicione à página um quadro de pixels, com 25 pixels. Verifica se o quadro de pixels aparece abaixo da paleta de cores",
              "timedOut": null,
              "duration": 101,
              "state": "passed",
              "speed": "slow",
              "pass": true,
              "fail": false,
              "pending": false,
              "context": null,
              "code": "cy.get('#color-palette').then(function (palette) {\n  cy.get('#pixel-board').should('be.belowOf', palette);\n});",
              "err": {},
              "uuid": "208cc8fa-5dc2-4379-bfad-e5f44061940b",
              "parentUUID": "1dd3f630-bf44-4902-8ed3-6b4a58690dc2",
              "isHook": false,
              "skipped": false
            }
          ],
          "suites": [],
          "passes": [
            "0ca1fa63-3331-4559-a9b4-ee35998c83a7",
            "0193df9c-8869-43a9-9440-d9dcf78aa888",
            "32c44f17-9e86-45ec-ab7e-96c6bf41e590",
            "208cc8fa-5dc2-4379-bfad-e5f44061940b"
          ],
          "failures": [],
          "pending": [],
          "skipped": [],
          "duration": 559,
          "root": false,
          "rootEmpty": false,
          "_timeout": 2000
        },
        {
          "uuid": "20e6ada7-6347-47d9-b8d7-4f9d0d86fa6a",
          "title": "5 - Faça com que cada elemento do quadro de pixels possua 40 pixels de largura, 40 pixels de altura e seja delimitado por uma borda preta de 1 pixel.",
          "fullFile": "",
          "file": "",
          "beforeHooks": [],
          "afterHooks": [],
          "tests": [
            {
              "title": "Verifica se o quadro de pixels tem altura e comprimento de 5 elementos",
              "fullTitle": "5 - Faça com que cada elemento do quadro de pixels possua 40 pixels de largura, 40 pixels de altura e seja delimitado por uma borda preta de 1 pixel. Verifica se o quadro de pixels tem altura e comprimento de 5 elementos",
              "timedOut": null,
              "duration": 317,
              "state": "passed",
              "speed": "slow",
              "pass": true,
              "fail": false,
              "pending": false,
              "context": null,
              "code": "cy.get('.pixel').should('have.length', 25).each(function (pixel) {\n  expect(pixel).to.have.css('background-color', WHITE);\n}).and(function (pixels) {\n  var rows = chunk(pixels, 5);\n  rows.forEach(function (row) {\n    for (var index = 1; index < row.length; index += 1) {\n      var current = pixels[index];\n      var previous = pixels[index - 1];\n      cy.wrap(current).should('be.onTheRightOf', previous).and('be.horizontallyAlignedWith', previous);\n    }\n  });\n  for (var index = 1; index < 5; index += 1) {\n    expect(pixels[index * 5]).to.be.belowOf(pixels[(index - 1) * 5]);\n  }\n});",
              "err": {},
              "uuid": "46850dc3-27bd-4e21-8a39-4e60928d1edc",
              "parentUUID": "20e6ada7-6347-47d9-b8d7-4f9d0d86fa6a",
              "isHook": false,
              "skipped": false
            },
            {
              "title": "Verifica se 40 pixels é o tamanho total do elemento, incluindo seu conteúdo e excluindo a borda preta, que deve ser criada à parte.",
              "fullTitle": "5 - Faça com que cada elemento do quadro de pixels possua 40 pixels de largura, 40 pixels de altura e seja delimitado por uma borda preta de 1 pixel. Verifica se 40 pixels é o tamanho total do elemento, incluindo seu conteúdo e excluindo a borda preta, que deve ser criada à parte.",
              "timedOut": null,
              "duration": 289,
              "state": "passed",
              "speed": "slow",
              "pass": true,
              "fail": false,
              "pending": false,
              "context": null,
              "code": "cy.get('.pixel').each(function (pixel) {\n  cy.wrap(pixel).should('have.css', 'height', '40px').and('have.css', 'width', '40px').and('have.css', 'border', \"1px solid \".concat(BLACK));\n});",
              "err": {},
              "uuid": "8d1cea42-e97e-464b-9f50-953631df0d2b",
              "parentUUID": "20e6ada7-6347-47d9-b8d7-4f9d0d86fa6a",
              "isHook": false,
              "skipped": false
            }
          ],
          "suites": [],
          "passes": [
            "46850dc3-27bd-4e21-8a39-4e60928d1edc",
            "8d1cea42-e97e-464b-9f50-953631df0d2b"
          ],
          "failures": [],
          "pending": [],
          "skipped": [],
          "duration": 606,
          "root": false,
          "rootEmpty": false,
          "_timeout": 2000
        },
        {
          "uuid": "5dea3a38-7770-4a1b-9278-80100df7b22a",
          "title": "6 - Defina a cor preta como cor inicial. Ao carregar a página a cor preta já deve estar selecionada para pintar os pixels",
          "fullFile": "",
          "file": "",
          "beforeHooks": [],
          "afterHooks": [],
          "tests": [
            {
              "title": "Verifica se o elemento da cor preta possui, inicialmente, a `classe` `selected`",
              "fullTitle": "6 - Defina a cor preta como cor inicial. Ao carregar a página a cor preta já deve estar selecionada para pintar os pixels Verifica se o elemento da cor preta possui, inicialmente, a `classe` `selected`",
              "timedOut": null,
              "duration": 91,
              "state": "passed",
              "speed": "slow",
              "pass": true,
              "fail": false,
              "pending": false,
              "context": null,
              "code": "cy.get('.selected').first().should('have.css', 'background-color', BLACK);",
              "err": {},
              "uuid": "ef363be9-5f38-484b-839c-b4fb129b6330",
              "parentUUID": "5dea3a38-7770-4a1b-9278-80100df7b22a",
              "isHook": false,
              "skipped": false
            },
            {
              "title": "Verifica se nenhuma outra cor da paleta tem a `classe` `selected`",
              "fullTitle": "6 - Defina a cor preta como cor inicial. Ao carregar a página a cor preta já deve estar selecionada para pintar os pixels Verifica se nenhuma outra cor da paleta tem a `classe` `selected`",
              "timedOut": null,
              "duration": 82,
              "state": "passed",
              "speed": "slow",
              "pass": true,
              "fail": false,
              "pending": false,
              "context": null,
              "code": "cy.get('.color:not(:first-child)').each(function (color) {\n  cy.wrap(color).should('not.have.class', 'selected');\n});",
              "err": {},
              "uuid": "c8f3f070-400d-4e80-bfb9-ee39766c2630",
              "parentUUID": "5dea3a38-7770-4a1b-9278-80100df7b22a",
              "isHook": false,
              "skipped": false
            }
          ],
          "suites": [],
          "passes": [
            "ef363be9-5f38-484b-839c-b4fb129b6330",
            "c8f3f070-400d-4e80-bfb9-ee39766c2630"
          ],
          "failures": [],
          "pending": [],
          "skipped": [],
          "duration": 173,
          "root": false,
          "rootEmpty": false,
          "_timeout": 2000
        },
        {
          "uuid": "3436a9b4-0bbe-4f55-9818-7d4e529e47c4",
          "title": "7 - Clicar em uma das cores da paleta, faz com que ela seja selecionada e utilizada para preencher os pixels no quadro.",
          "fullFile": "",
          "file": "",
          "beforeHooks": [],
          "afterHooks": [],
          "tests": [
            {
              "title": "Verifica se somente uma cor da paleta de cores tem a classe `selected` de cada vez",
              "fullTitle": "7 - Clicar em uma das cores da paleta, faz com que ela seja selecionada e utilizada para preencher os pixels no quadro. Verifica se somente uma cor da paleta de cores tem a classe `selected` de cada vez",
              "timedOut": null,
              "duration": 553,
              "state": "passed",
              "speed": "slow",
              "pass": true,
              "fail": false,
              "pending": false,
              "context": null,
              "code": "cy.get('.color').each(function (selectedColor, selectedColorIndex) {\n  cy.wrap(selectedColor).click();\n  cy.get('.color').each(function (color, colorIndex) {\n    if (colorIndex === selectedColorIndex) {\n      expect(color).to.have[\"class\"]('selected');\n    } else {\n      expect(color).not.to.have[\"class\"]('selected');\n    }\n  });\n});",
              "err": {},
              "uuid": "bf33eb42-cea1-41ea-8f62-0b08d9744745",
              "parentUUID": "3436a9b4-0bbe-4f55-9818-7d4e529e47c4",
              "isHook": false,
              "skipped": false
            },
            {
              "title": "Verifica se os pixels dentro do quadro não têm a classe `selected` quando são clicados",
              "fullTitle": "7 - Clicar em uma das cores da paleta, faz com que ela seja selecionada e utilizada para preencher os pixels no quadro. Verifica se os pixels dentro do quadro não têm a classe `selected` quando são clicados",
              "timedOut": null,
              "duration": 8927,
              "state": "passed",
              "speed": "slow",
              "pass": true,
              "fail": false,
              "pending": false,
              "context": null,
              "code": "cy.get('.color').each(function (color) {\n  var backgroundColor = color.css('background-color');\n  cy.wrap(color).click();\n  cy.get('.pixel').each(function (pixel) {\n    cy.wrap(pixel).click().should('not.have.class', 'selected');\n  });\n});",
              "err": {},
              "uuid": "6b65f2d4-cf0a-40ab-b52d-4f5cdd4ab7da",
              "parentUUID": "3436a9b4-0bbe-4f55-9818-7d4e529e47c4",
              "isHook": false,
              "skipped": false
            }
          ],
          "suites": [],
          "passes": [
            "bf33eb42-cea1-41ea-8f62-0b08d9744745",
            "6b65f2d4-cf0a-40ab-b52d-4f5cdd4ab7da"
          ],
          "failures": [],
          "pending": [],
          "skipped": [],
          "duration": 9480,
          "root": false,
          "rootEmpty": false,
          "_timeout": 2000
        },
        {
          "uuid": "6f38585f-8422-4287-9a1c-4eb1626b8965",
          "title": "8 - Clicar em um pixel dentro do quadro após selecionar uma cor na paleta, faz com que o pixel seja preenchido com a cor selecionada.",
          "fullFile": "",
          "file": "",
          "beforeHooks": [],
          "afterHooks": [],
          "tests": [
            {
              "title": "Verifica se ao carregar a página deve ser possível pintar os pixels de preto",
              "fullTitle": "8 - Clicar em um pixel dentro do quadro após selecionar uma cor na paleta, faz com que o pixel seja preenchido com a cor selecionada. Verifica se ao carregar a página deve ser possível pintar os pixels de preto",
              "timedOut": null,
              "duration": 4427,
              "state": "failed",
              "speed": null,
              "pass": false,
              "fail": true,
              "pending": false,
              "context": null,
              "code": "cy.get('.pixel').each(function (pixel) {\n  cy.wrap(pixel).click().should('have.css', 'background-color', BLACK);\n});",
              "err": {
                "message": "CypressError: Timed out retrying: expected '<div.pixel>' to have CSS property 'background-color' with the value 'rgb(0, 0, 0)', but the value was 'rgb(255, 255, 255)'",
                "estack": "CypressError: Timed out retrying: expected '<div.pixel>' to have CSS property 'background-color' with the value 'rgb(0, 0, 0)', but the value was 'rgb(255, 255, 255)'\n    at cypressErr (http://localhost:46521/__cypress/runner/cypress_runner.js:149934:9)\n    at throwErr (http://localhost:46521/__cypress/runner/cypress_runner.js:149867:11)\n    at Object.throwErrByPath (http://localhost:46521/__cypress/runner/cypress_runner.js:149915:3)\n    at retry (http://localhost:46521/__cypress/runner/cypress_runner.js:144197:19)\n    at onFailFn (http://localhost:46521/__cypress/runner/cypress_runner.js:132448:16)\n    at tryCatcher (http://localhost:46521/__cypress/runner/cypress_runner.js:167415:23)\n    at Promise._settlePromiseFromHandler (http://localhost:46521/__cypress/runner/cypress_runner.js:165351:31)\n    at Promise._settlePromise (http://localhost:46521/__cypress/runner/cypress_runner.js:165408:18)\n    at Promise._settlePromise0 (http://localhost:46521/__cypress/runner/cypress_runner.js:165453:10)\n    at Promise._settlePromises (http://localhost:46521/__cypress/runner/cypress_runner.js:165528:18)\n    at Async../node_modules/bluebird/js/release/async.js.Async._drainQueue (http://localhost:46521/__cypress/runner/cypress_runner.js:162140:16)\n    at Async../node_modules/bluebird/js/release/async.js.Async._drainQueues (http://localhost:46521/__cypress/runner/cypress_runner.js:162150:10)\n    at Async.drainQueues (http://localhost:46521/__cypress/runner/cypress_runner.js:162024:14)",
                "diff": null
              },
              "uuid": "e9fe3758-cd62-48a1-9ed1-e2b12ed36332",
              "parentUUID": "6f38585f-8422-4287-9a1c-4eb1626b8965",
              "isHook": false,
              "skipped": false
            },
            {
              "title": "Verifica se após selecionar uma outra cor na paleta, é possível pintar os pixels com essa cor",
              "fullTitle": "8 - Clicar em um pixel dentro do quadro após selecionar uma cor na paleta, faz com que o pixel seja preenchido com a cor selecionada. Verifica se após selecionar uma outra cor na paleta, é possível pintar os pixels com essa cor",
              "timedOut": null,
              "duration": 4453,
              "state": "failed",
              "speed": null,
              "pass": false,
              "fail": true,
              "pending": false,
              "context": null,
              "code": "cy.get('.color').each(function (color) {\n  var backgroundColor = color.css('background-color');\n  cy.wrap(color).click();\n  cy.get('.pixel').each(function (pixel) {\n    cy.wrap(pixel).click().should('have.css', 'background-color', backgroundColor);\n  });\n});",
              "err": {
                "message": "CypressError: Timed out retrying: expected '<div.pixel>' to have CSS property 'background-color' with the value 'rgb(0, 0, 0)', but the value was 'rgb(255, 255, 255)'",
                "estack": "CypressError: Timed out retrying: expected '<div.pixel>' to have CSS property 'background-color' with the value 'rgb(0, 0, 0)', but the value was 'rgb(255, 255, 255)'\n    at cypressErr (http://localhost:46521/__cypress/runner/cypress_runner.js:149934:9)\n    at throwErr (http://localhost:46521/__cypress/runner/cypress_runner.js:149867:11)\n    at Object.throwErrByPath (http://localhost:46521/__cypress/runner/cypress_runner.js:149915:3)\n    at retry (http://localhost:46521/__cypress/runner/cypress_runner.js:144197:19)\n    at onFailFn (http://localhost:46521/__cypress/runner/cypress_runner.js:132448:16)\n    at tryCatcher (http://localhost:46521/__cypress/runner/cypress_runner.js:167415:23)\n    at Promise._settlePromiseFromHandler (http://localhost:46521/__cypress/runner/cypress_runner.js:165351:31)\n    at Promise._settlePromise (http://localhost:46521/__cypress/runner/cypress_runner.js:165408:18)\n    at Promise._settlePromise0 (http://localhost:46521/__cypress/runner/cypress_runner.js:165453:10)\n    at Promise._settlePromises (http://localhost:46521/__cypress/runner/cypress_runner.js:165528:18)\n    at Async../node_modules/bluebird/js/release/async.js.Async._drainQueue (http://localhost:46521/__cypress/runner/cypress_runner.js:162140:16)\n    at Async../node_modules/bluebird/js/release/async.js.Async._drainQueues (http://localhost:46521/__cypress/runner/cypress_runner.js:162150:10)\n    at Async.drainQueues (http://localhost:46521/__cypress/runner/cypress_runner.js:162024:14)",
                "diff": null
              },
              "uuid": "d66207d5-e429-4278-9586-728cf9c544ef",
              "parentUUID": "6f38585f-8422-4287-9a1c-4eb1626b8965",
              "isHook": false,
              "skipped": false
            },
            {
              "title": "Verifica se somente o pixel que foi clicado foi preenchido com a cor selecionada, sem influenciar na cor dos demais pixels.",
              "fullTitle": "8 - Clicar em um pixel dentro do quadro após selecionar uma cor na paleta, faz com que o pixel seja preenchido com a cor selecionada. Verifica se somente o pixel que foi clicado foi preenchido com a cor selecionada, sem influenciar na cor dos demais pixels.",
              "timedOut": null,
              "duration": 1606,
              "state": "passed",
              "speed": "slow",
              "pass": true,
              "fail": false,
              "pending": false,
              "context": null,
              "code": "var colorToPixelIndexMap = {\n  0: 6,\n  1: 8,\n  2: 16,\n  3: 18\n};\ncy.get('.color').each(function (color, index) {\n  cy.wrap(color).click();\n  var backgroundColor = color.css('background-color');\n  var clickedPixelIndex = colorToPixelIndexMap[index];\n  cy.get('.pixel').eq(clickedPixelIndex).click();\n  cy.get('.pixel').eq(clickedPixelIndex - 1).should('not.have.css', 'background-color', backgroundColor);\n  cy.get('.pixel').eq(clickedPixelIndex + 1).should('not.have.css', 'background-color', backgroundColor);\n  cy.get('.pixel').eq(clickedPixelIndex - 5).should('not.have.css', 'background-color', backgroundColor);\n  cy.get('.pixel').eq(clickedPixelIndex + 5).should('not.have.css', 'background-color', backgroundColor);\n  cy.get('.pixel').eq(clickedPixelIndex - 6).should('not.have.css', 'background-color', backgroundColor);\n  cy.get('.pixel').eq(clickedPixelIndex - 4).should('not.have.css', 'background-color', backgroundColor);\n  cy.get('.pixel').eq(clickedPixelIndex + 4).should('not.have.css', 'background-color', backgroundColor);\n  cy.get('.pixel').eq(clickedPixelIndex + 6).should('not.have.css', 'background-color', backgroundColor);\n});",
              "err": {},
              "uuid": "74193b11-fce9-427e-bcec-51f5b07ba519",
              "parentUUID": "6f38585f-8422-4287-9a1c-4eb1626b8965",
              "isHook": false,
              "skipped": false
            }
          ],
          "suites": [],
          "passes": [
            "74193b11-fce9-427e-bcec-51f5b07ba519"
          ],
          "failures": [
            "e9fe3758-cd62-48a1-9ed1-e2b12ed36332",
            "d66207d5-e429-4278-9586-728cf9c544ef"
          ],
          "pending": [],
          "skipped": [],
          "duration": 10486,
          "root": false,
          "rootEmpty": false,
          "_timeout": 2000
        },
        {
          "uuid": "856532de-0fa5-420a-9793-4a504c10b489",
          "title": "9 - Crie um botão que, ao ser clicado, limpa o quadro preenchendo a cor de todos seus pixels com branco.",
          "fullFile": "",
          "file": "",
          "beforeHooks": [],
          "afterHooks": [],
          "tests": [
            {
              "title": "Verifica se o botão tem o `id` denominado `clear-board`",
              "fullTitle": "9 - Crie um botão que, ao ser clicado, limpa o quadro preenchendo a cor de todos seus pixels com branco. Verifica se o botão tem o `id` denominado `clear-board`",
              "timedOut": null,
              "duration": 149,
              "state": "passed",
              "speed": "slow",
              "pass": true,
              "fail": false,
              "pending": false,
              "context": null,
              "code": "cy.get('#clear-board').should('be.visible');",
              "err": {},
              "uuid": "d242e4c6-536d-45df-bfe4-345995343769",
              "parentUUID": "856532de-0fa5-420a-9793-4a504c10b489",
              "isHook": false,
              "skipped": false
            },
            {
              "title": "Verifica se o botão está posicionado entre a paleta de cores e o quadro de pixels",
              "fullTitle": "9 - Crie um botão que, ao ser clicado, limpa o quadro preenchendo a cor de todos seus pixels com branco. Verifica se o botão está posicionado entre a paleta de cores e o quadro de pixels",
              "timedOut": null,
              "duration": 106,
              "state": "passed",
              "speed": "slow",
              "pass": true,
              "fail": false,
              "pending": false,
              "context": null,
              "code": "cy.get('#color-palette').then(function (palette) {\n  cy.get('#clear-board').should('be.belowOf', palette);\n});\ncy.get('#clear-board').then(function (clearBtn) {\n  cy.get('#pixel-board').should('be.belowOf', clearBtn);\n});",
              "err": {},
              "uuid": "0140fdb4-8bea-4bf9-a604-71df733e8039",
              "parentUUID": "856532de-0fa5-420a-9793-4a504c10b489",
              "isHook": false,
              "skipped": false
            },
            {
              "title": "Verifica se o texto do botão é 'Limpar'",
              "fullTitle": "9 - Crie um botão que, ao ser clicado, limpa o quadro preenchendo a cor de todos seus pixels com branco. Verifica se o texto do botão é 'Limpar'",
              "timedOut": null,
              "duration": 4228,
              "state": "failed",
              "speed": null,
              "pass": false,
              "fail": true,
              "pending": false,
              "context": null,
              "code": "cy.get('#clear-board').should('contain.text', 'Limpar');",
              "err": {
                "message": "CypressError: Timed out retrying: expected '<button#clear-board>' to contain text 'Limpar', but the text was ''",
                "estack": "CypressError: Timed out retrying: expected '<button#clear-board>' to contain text 'Limpar', but the text was ''\n    at cypressErr (http://localhost:46521/__cypress/runner/cypress_runner.js:149934:9)\n    at throwErr (http://localhost:46521/__cypress/runner/cypress_runner.js:149867:11)\n    at Object.throwErrByPath (http://localhost:46521/__cypress/runner/cypress_runner.js:149915:3)\n    at retry (http://localhost:46521/__cypress/runner/cypress_runner.js:144197:19)\n    at onFailFn (http://localhost:46521/__cypress/runner/cypress_runner.js:132448:16)\n    at tryCatcher (http://localhost:46521/__cypress/runner/cypress_runner.js:167415:23)\n    at Promise._settlePromiseFromHandler (http://localhost:46521/__cypress/runner/cypress_runner.js:165351:31)\n    at Promise._settlePromise (http://localhost:46521/__cypress/runner/cypress_runner.js:165408:18)\n    at Promise._settlePromise0 (http://localhost:46521/__cypress/runner/cypress_runner.js:165453:10)\n    at Promise._settlePromises (http://localhost:46521/__cypress/runner/cypress_runner.js:165528:18)\n    at Async../node_modules/bluebird/js/release/async.js.Async._drainQueue (http://localhost:46521/__cypress/runner/cypress_runner.js:162140:16)\n    at Async../node_modules/bluebird/js/release/async.js.Async._drainQueues (http://localhost:46521/__cypress/runner/cypress_runner.js:162150:10)\n    at Async.drainQueues (http://localhost:46521/__cypress/runner/cypress_runner.js:162024:14)",
                "diff": null
              },
              "uuid": "82382bee-15cc-436c-81bc-5c9830e296bb",
              "parentUUID": "856532de-0fa5-420a-9793-4a504c10b489",
              "isHook": false,
              "skipped": false
            },
            {
              "title": "Verifica se ao clicar no botão, o quadro de pixels é totalmente preenchido de branco",
              "fullTitle": "9 - Crie um botão que, ao ser clicado, limpa o quadro preenchendo a cor de todos seus pixels com branco. Verifica se ao clicar no botão, o quadro de pixels é totalmente preenchido de branco",
              "timedOut": null,
              "duration": 4463,
              "state": "failed",
              "speed": null,
              "pass": false,
              "fail": true,
              "pending": false,
              "context": null,
              "code": "cy.get('.color').eq(1).then(function (color) {\n  var backgroundColor = color.css('background-color');\n  cy.wrap(color).click();\n  cy.get('.pixel').each(function (pixel) {\n    cy.wrap(pixel).click().should('have.css', 'background-color', backgroundColor);\n  });\n});\ncy.get('#clear-board').click();\ncy.get('.pixel').each(function (pixel) {\n  cy.wrap(pixel).should('have.css', 'background-color', WHITE);\n});",
              "err": {
                "message": "CypressError: Timed out retrying: expected '<div.pixel>' to have CSS property 'background-color' with the value 'rgb(138, 43, 226)', but the value was 'rgb(255, 255, 255)'",
                "estack": "CypressError: Timed out retrying: expected '<div.pixel>' to have CSS property 'background-color' with the value 'rgb(138, 43, 226)', but the value was 'rgb(255, 255, 255)'\n    at cypressErr (http://localhost:46521/__cypress/runner/cypress_runner.js:149934:9)\n    at throwErr (http://localhost:46521/__cypress/runner/cypress_runner.js:149867:11)\n    at Object.throwErrByPath (http://localhost:46521/__cypress/runner/cypress_runner.js:149915:3)\n    at retry (http://localhost:46521/__cypress/runner/cypress_runner.js:144197:19)\n    at onFailFn (http://localhost:46521/__cypress/runner/cypress_runner.js:132448:16)\n    at tryCatcher (http://localhost:46521/__cypress/runner/cypress_runner.js:167415:23)\n    at Promise._settlePromiseFromHandler (http://localhost:46521/__cypress/runner/cypress_runner.js:165351:31)\n    at Promise._settlePromise (http://localhost:46521/__cypress/runner/cypress_runner.js:165408:18)\n    at Promise._settlePromise0 (http://localhost:46521/__cypress/runner/cypress_runner.js:165453:10)\n    at Promise._settlePromises (http://localhost:46521/__cypress/runner/cypress_runner.js:165528:18)\n    at Async../node_modules/bluebird/js/release/async.js.Async._drainQueue (http://localhost:46521/__cypress/runner/cypress_runner.js:162140:16)\n    at Async../node_modules/bluebird/js/release/async.js.Async._drainQueues (http://localhost:46521/__cypress/runner/cypress_runner.js:162150:10)\n    at Async.drainQueues (http://localhost:46521/__cypress/runner/cypress_runner.js:162024:14)",
                "diff": null
              },
              "uuid": "2b3c00f1-5b29-4b9b-a70c-4a8835c61b2a",
              "parentUUID": "856532de-0fa5-420a-9793-4a504c10b489",
              "isHook": false,
              "skipped": false
            }
          ],
          "suites": [],
          "passes": [
            "d242e4c6-536d-45df-bfe4-345995343769",
            "0140fdb4-8bea-4bf9-a604-71df733e8039"
          ],
          "failures": [
            "82382bee-15cc-436c-81bc-5c9830e296bb",
            "2b3c00f1-5b29-4b9b-a70c-4a8835c61b2a"
          ],
          "pending": [],
          "skipped": [],
          "duration": 8946,
          "root": false,
          "rootEmpty": false,
          "_timeout": 2000
        },
        {
          "uuid": "a352d20b-480d-44c0-ab18-215a9c3c0069",
          "title": "10 - Faça o quadro de pixels ter seu tamanho definido pelo usuário.",
          "fullFile": "",
          "file": "",
          "beforeHooks": [],
          "afterHooks": [],
          "tests": [
            {
              "title": "Verifica se existe um input com o id `board-size`",
              "fullTitle": "10 - Faça o quadro de pixels ter seu tamanho definido pelo usuário. Verifica se existe um input com o id `board-size`",
              "timedOut": null,
              "duration": 4319,
              "state": "failed",
              "speed": null,
              "pass": false,
              "fail": true,
              "pending": false,
              "context": null,
              "code": "cy.get('#board-size').should('be.visible');",
              "err": {
                "message": "CypressError: Timed out retrying: Expected to find element: '#board-size', but never found it.",
                "estack": "CypressError: Timed out retrying: Expected to find element: '#board-size', but never found it.\n    at cypressErr (http://localhost:46521/__cypress/runner/cypress_runner.js:149934:9)\n    at throwErr (http://localhost:46521/__cypress/runner/cypress_runner.js:149867:11)\n    at Object.throwErrByPath (http://localhost:46521/__cypress/runner/cypress_runner.js:149915:3)\n    at retry (http://localhost:46521/__cypress/runner/cypress_runner.js:144197:19)\n    at onFailFn (http://localhost:46521/__cypress/runner/cypress_runner.js:132448:16)\n    at tryCatcher (http://localhost:46521/__cypress/runner/cypress_runner.js:167415:23)\n    at Promise._settlePromiseFromHandler (http://localhost:46521/__cypress/runner/cypress_runner.js:165351:31)\n    at Promise._settlePromise (http://localhost:46521/__cypress/runner/cypress_runner.js:165408:18)\n    at Promise._settlePromise0 (http://localhost:46521/__cypress/runner/cypress_runner.js:165453:10)\n    at Promise._settlePromises (http://localhost:46521/__cypress/runner/cypress_runner.js:165528:18)\n    at Async../node_modules/bluebird/js/release/async.js.Async._drainQueue (http://localhost:46521/__cypress/runner/cypress_runner.js:162140:16)\n    at Async../node_modules/bluebird/js/release/async.js.Async._drainQueues (http://localhost:46521/__cypress/runner/cypress_runner.js:162150:10)\n    at Async.drainQueues (http://localhost:46521/__cypress/runner/cypress_runner.js:162024:14)",
                "diff": null
              },
              "uuid": "8481322c-010b-4804-9bb4-ecd957157c09",
              "parentUUID": "a352d20b-480d-44c0-ab18-215a9c3c0069",
              "isHook": false,
              "skipped": false
            },
            {
              "title": "Verifica se existe um botão com o id `generate-board`",
              "fullTitle": "10 - Faça o quadro de pixels ter seu tamanho definido pelo usuário. Verifica se existe um botão com o id `generate-board`",
              "timedOut": null,
              "duration": 4324,
              "state": "failed",
              "speed": null,
              "pass": false,
              "fail": true,
              "pending": false,
              "context": null,
              "code": "cy.get('#generate-board').should('be.visible');",
              "err": {
                "message": "CypressError: Timed out retrying: Expected to find element: '#generate-board', but never found it.",
                "estack": "CypressError: Timed out retrying: Expected to find element: '#generate-board', but never found it.\n    at cypressErr (http://localhost:46521/__cypress/runner/cypress_runner.js:149934:9)\n    at throwErr (http://localhost:46521/__cypress/runner/cypress_runner.js:149867:11)\n    at Object.throwErrByPath (http://localhost:46521/__cypress/runner/cypress_runner.js:149915:3)\n    at retry (http://localhost:46521/__cypress/runner/cypress_runner.js:144197:19)\n    at onFailFn (http://localhost:46521/__cypress/runner/cypress_runner.js:132448:16)\n    at tryCatcher (http://localhost:46521/__cypress/runner/cypress_runner.js:167415:23)\n    at Promise._settlePromiseFromHandler (http://localhost:46521/__cypress/runner/cypress_runner.js:165351:31)\n    at Promise._settlePromise (http://localhost:46521/__cypress/runner/cypress_runner.js:165408:18)\n    at Promise._settlePromise0 (http://localhost:46521/__cypress/runner/cypress_runner.js:165453:10)\n    at Promise._settlePromises (http://localhost:46521/__cypress/runner/cypress_runner.js:165528:18)\n    at Async../node_modules/bluebird/js/release/async.js.Async._drainQueue (http://localhost:46521/__cypress/runner/cypress_runner.js:162140:16)\n    at Async../node_modules/bluebird/js/release/async.js.Async._drainQueues (http://localhost:46521/__cypress/runner/cypress_runner.js:162150:10)\n    at Async.drainQueues (http://localhost:46521/__cypress/runner/cypress_runner.js:162024:14)",
                "diff": null
              },
              "uuid": "ad81186f-34ea-410b-b902-01e4e724372f",
              "parentUUID": "a352d20b-480d-44c0-ab18-215a9c3c0069",
              "isHook": false,
              "skipped": false
            },
            {
              "title": "Verifica se o input só aceita número maiores que zero. Essa restrição deve ser feita usando os atributos do elemento `input`",
              "fullTitle": "10 - Faça o quadro de pixels ter seu tamanho definido pelo usuário. Verifica se o input só aceita número maiores que zero. Essa restrição deve ser feita usando os atributos do elemento `input`",
              "timedOut": null,
              "duration": 4288,
              "state": "failed",
              "speed": null,
              "pass": false,
              "fail": true,
              "pending": false,
              "context": null,
              "code": "cy.get('#board-size[type=\\'number\\'][min=\\'1\\']');",
              "err": {
                "message": "CypressError: Timed out retrying: Expected to find element: '#board-size[type='number'][min='1']', but never found it.",
                "estack": "CypressError: Timed out retrying: Expected to find element: '#board-size[type='number'][min='1']', but never found it.\n    at cypressErr (http://localhost:46521/__cypress/runner/cypress_runner.js:149934:9)\n    at throwErr (http://localhost:46521/__cypress/runner/cypress_runner.js:149867:11)\n    at Object.throwErrByPath (http://localhost:46521/__cypress/runner/cypress_runner.js:149915:3)\n    at retry (http://localhost:46521/__cypress/runner/cypress_runner.js:144197:19)\n    at onFailFn (http://localhost:46521/__cypress/runner/cypress_runner.js:132448:16)\n    at tryCatcher (http://localhost:46521/__cypress/runner/cypress_runner.js:167415:23)\n    at Promise._settlePromiseFromHandler (http://localhost:46521/__cypress/runner/cypress_runner.js:165351:31)\n    at Promise._settlePromise (http://localhost:46521/__cypress/runner/cypress_runner.js:165408:18)\n    at Promise._settlePromise0 (http://localhost:46521/__cypress/runner/cypress_runner.js:165453:10)\n    at Promise._settlePromises (http://localhost:46521/__cypress/runner/cypress_runner.js:165528:18)\n    at Async../node_modules/bluebird/js/release/async.js.Async._drainQueue (http://localhost:46521/__cypress/runner/cypress_runner.js:162140:16)\n    at Async../node_modules/bluebird/js/release/async.js.Async._drainQueues (http://localhost:46521/__cypress/runner/cypress_runner.js:162150:10)\n    at Async.drainQueues (http://localhost:46521/__cypress/runner/cypress_runner.js:162024:14)",
                "diff": null
              },
              "uuid": "004d963d-cb0c-444e-9664-314d825cf21a",
              "parentUUID": "a352d20b-480d-44c0-ab18-215a9c3c0069",
              "isHook": false,
              "skipped": false
            },
            {
              "title": "Verifica se o botão contém o texto 'VQV'",
              "fullTitle": "10 - Faça o quadro de pixels ter seu tamanho definido pelo usuário. Verifica se o botão contém o texto 'VQV'",
              "timedOut": null,
              "duration": 4357,
              "state": "failed",
              "speed": null,
              "pass": false,
              "fail": true,
              "pending": false,
              "context": null,
              "code": "cy.get('#generate-board').contains(/vqv/i);",
              "err": {
                "message": "CypressError: Timed out retrying: Expected to find element: '#generate-board', but never found it.",
                "estack": "CypressError: Timed out retrying: Expected to find element: '#generate-board', but never found it.\n    at cypressErr (http://localhost:46521/__cypress/runner/cypress_runner.js:149934:9)\n    at throwErr (http://localhost:46521/__cypress/runner/cypress_runner.js:149867:11)\n    at Object.throwErrByPath (http://localhost:46521/__cypress/runner/cypress_runner.js:149915:3)\n    at retry (http://localhost:46521/__cypress/runner/cypress_runner.js:144197:19)\n    at onFailFn (http://localhost:46521/__cypress/runner/cypress_runner.js:132448:16)\n    at tryCatcher (http://localhost:46521/__cypress/runner/cypress_runner.js:167415:23)\n    at Promise._settlePromiseFromHandler (http://localhost:46521/__cypress/runner/cypress_runner.js:165351:31)\n    at Promise._settlePromise (http://localhost:46521/__cypress/runner/cypress_runner.js:165408:18)\n    at Promise._settlePromise0 (http://localhost:46521/__cypress/runner/cypress_runner.js:165453:10)\n    at Promise._settlePromises (http://localhost:46521/__cypress/runner/cypress_runner.js:165528:18)\n    at Async../node_modules/bluebird/js/release/async.js.Async._drainQueue (http://localhost:46521/__cypress/runner/cypress_runner.js:162140:16)\n    at Async../node_modules/bluebird/js/release/async.js.Async._drainQueues (http://localhost:46521/__cypress/runner/cypress_runner.js:162150:10)\n    at Async.drainQueues (http://localhost:46521/__cypress/runner/cypress_runner.js:162024:14)",
                "diff": null
              },
              "uuid": "28593b1f-129f-41ca-8900-5edf18b626c5",
              "parentUUID": "a352d20b-480d-44c0-ab18-215a9c3c0069",
              "isHook": false,
              "skipped": false
            },
            {
              "title": "Verifica se o input está posicionado entre a paleta de cores e o quadro de pixels",
              "fullTitle": "10 - Faça o quadro de pixels ter seu tamanho definido pelo usuário. Verifica se o input está posicionado entre a paleta de cores e o quadro de pixels",
              "timedOut": null,
              "duration": 4353,
              "state": "failed",
              "speed": null,
              "pass": false,
              "fail": true,
              "pending": false,
              "context": null,
              "code": "cy.get('#color-palette').then(function (palette) {\n  cy.get('#board-size').should('be.belowOf', palette);\n});\ncy.get('#board-size').then(function (palette) {\n  cy.get('#pixel-board').should('be.belowOf', palette);\n});",
              "err": {
                "message": "CypressError: Timed out retrying: Expected to find element: '#board-size', but never found it.",
                "estack": "CypressError: Timed out retrying: Expected to find element: '#board-size', but never found it.\n    at cypressErr (http://localhost:46521/__cypress/runner/cypress_runner.js:149934:9)\n    at throwErr (http://localhost:46521/__cypress/runner/cypress_runner.js:149867:11)\n    at Object.throwErrByPath (http://localhost:46521/__cypress/runner/cypress_runner.js:149915:3)\n    at retry (http://localhost:46521/__cypress/runner/cypress_runner.js:144197:19)\n    at onFailFn (http://localhost:46521/__cypress/runner/cypress_runner.js:132448:16)\n    at tryCatcher (http://localhost:46521/__cypress/runner/cypress_runner.js:167415:23)\n    at Promise._settlePromiseFromHandler (http://localhost:46521/__cypress/runner/cypress_runner.js:165351:31)\n    at Promise._settlePromise (http://localhost:46521/__cypress/runner/cypress_runner.js:165408:18)\n    at Promise._settlePromise0 (http://localhost:46521/__cypress/runner/cypress_runner.js:165453:10)\n    at Promise._settlePromises (http://localhost:46521/__cypress/runner/cypress_runner.js:165528:18)\n    at Async../node_modules/bluebird/js/release/async.js.Async._drainQueue (http://localhost:46521/__cypress/runner/cypress_runner.js:162140:16)\n    at Async../node_modules/bluebird/js/release/async.js.Async._drainQueues (http://localhost:46521/__cypress/runner/cypress_runner.js:162150:10)\n    at Async.drainQueues (http://localhost:46521/__cypress/runner/cypress_runner.js:162024:14)",
                "diff": null
              },
              "uuid": "c85a6054-9b60-498c-aef0-ae412034aed8",
              "parentUUID": "a352d20b-480d-44c0-ab18-215a9c3c0069",
              "isHook": false,
              "skipped": false
            },
            {
              "title": "Verifica se o botão está posicionado ao lado do input",
              "fullTitle": "10 - Faça o quadro de pixels ter seu tamanho definido pelo usuário. Verifica se o botão está posicionado ao lado do input",
              "timedOut": null,
              "duration": 4329,
              "state": "failed",
              "speed": null,
              "pass": false,
              "fail": true,
              "pending": false,
              "context": null,
              "code": "cy.get('#board-size').then(function (board) {\n  cy.get('#generate-board').should('be.onTheRightOf', board);\n});",
              "err": {
                "message": "CypressError: Timed out retrying: Expected to find element: '#board-size', but never found it.",
                "estack": "CypressError: Timed out retrying: Expected to find element: '#board-size', but never found it.\n    at cypressErr (http://localhost:46521/__cypress/runner/cypress_runner.js:149934:9)\n    at throwErr (http://localhost:46521/__cypress/runner/cypress_runner.js:149867:11)\n    at Object.throwErrByPath (http://localhost:46521/__cypress/runner/cypress_runner.js:149915:3)\n    at retry (http://localhost:46521/__cypress/runner/cypress_runner.js:144197:19)\n    at onFailFn (http://localhost:46521/__cypress/runner/cypress_runner.js:132448:16)\n    at tryCatcher (http://localhost:46521/__cypress/runner/cypress_runner.js:167415:23)\n    at Promise._settlePromiseFromHandler (http://localhost:46521/__cypress/runner/cypress_runner.js:165351:31)\n    at Promise._settlePromise (http://localhost:46521/__cypress/runner/cypress_runner.js:165408:18)\n    at Promise._settlePromise0 (http://localhost:46521/__cypress/runner/cypress_runner.js:165453:10)\n    at Promise._settlePromises (http://localhost:46521/__cypress/runner/cypress_runner.js:165528:18)\n    at Async../node_modules/bluebird/js/release/async.js.Async._drainQueue (http://localhost:46521/__cypress/runner/cypress_runner.js:162140:16)\n    at Async../node_modules/bluebird/js/release/async.js.Async._drainQueues (http://localhost:46521/__cypress/runner/cypress_runner.js:162150:10)\n    at Async.drainQueues (http://localhost:46521/__cypress/runner/cypress_runner.js:162024:14)",
                "diff": null
              },
              "uuid": "ed6ab2c1-ab8c-4ddf-bce0-9a61e0278c6c",
              "parentUUID": "a352d20b-480d-44c0-ab18-215a9c3c0069",
              "isHook": false,
              "skipped": false
            },
            {
              "title": "Verifica se nenhum valor for colocado no input ao clicar no botão, um `alert` é exibido com o texto: 'Board inválido!'",
              "fullTitle": "10 - Faça o quadro de pixels ter seu tamanho definido pelo usuário. Verifica se nenhum valor for colocado no input ao clicar no botão, um `alert` é exibido com o texto: 'Board inválido!'",
              "timedOut": null,
              "duration": 4320,
              "state": "failed",
              "speed": null,
              "pass": false,
              "fail": true,
              "pending": false,
              "context": null,
              "code": "var alerted = false;\ncy.on('window:alert', function (msg) {\n  return alerted = msg;\n});\ncy.get('#generate-board').click().then(function () {\n  return expect(alerted).to.match(/Board inválido!/i);\n});",
              "err": {
                "message": "CypressError: Timed out retrying: Expected to find element: '#generate-board', but never found it.",
                "estack": "CypressError: Timed out retrying: Expected to find element: '#generate-board', but never found it.\n    at cypressErr (http://localhost:46521/__cypress/runner/cypress_runner.js:149934:9)\n    at throwErr (http://localhost:46521/__cypress/runner/cypress_runner.js:149867:11)\n    at Object.throwErrByPath (http://localhost:46521/__cypress/runner/cypress_runner.js:149915:3)\n    at retry (http://localhost:46521/__cypress/runner/cypress_runner.js:144197:19)\n    at onFailFn (http://localhost:46521/__cypress/runner/cypress_runner.js:132448:16)\n    at tryCatcher (http://localhost:46521/__cypress/runner/cypress_runner.js:167415:23)\n    at Promise._settlePromiseFromHandler (http://localhost:46521/__cypress/runner/cypress_runner.js:165351:31)\n    at Promise._settlePromise (http://localhost:46521/__cypress/runner/cypress_runner.js:165408:18)\n    at Promise._settlePromise0 (http://localhost:46521/__cypress/runner/cypress_runner.js:165453:10)\n    at Promise._settlePromises (http://localhost:46521/__cypress/runner/cypress_runner.js:165528:18)\n    at Async../node_modules/bluebird/js/release/async.js.Async._drainQueue (http://localhost:46521/__cypress/runner/cypress_runner.js:162140:16)\n    at Async../node_modules/bluebird/js/release/async.js.Async._drainQueues (http://localhost:46521/__cypress/runner/cypress_runner.js:162150:10)\n    at Async.drainQueues (http://localhost:46521/__cypress/runner/cypress_runner.js:162024:14)",
                "diff": null
              },
              "uuid": "dc144f01-46e0-483d-92e7-eb08f7e4dd0f",
              "parentUUID": "a352d20b-480d-44c0-ab18-215a9c3c0069",
              "isHook": false,
              "skipped": false
            },
            {
              "title": "Verifica se ao clicar no botão com um valor preenchido, o tamanho do board muda.",
              "fullTitle": "10 - Faça o quadro de pixels ter seu tamanho definido pelo usuário. Verifica se ao clicar no botão com um valor preenchido, o tamanho do board muda.",
              "timedOut": null,
              "duration": 4280,
              "state": "failed",
              "speed": null,
              "pass": false,
              "fail": true,
              "pending": false,
              "context": null,
              "code": "cy.get('#board-size').clear().type(10);\ncy.get('#generate-board').click();\ncy.get('.pixel').should('have.length', 100);",
              "err": {
                "message": "CypressError: Timed out retrying: Expected to find element: '#board-size', but never found it.",
                "estack": "CypressError: Timed out retrying: Expected to find element: '#board-size', but never found it.\n    at cypressErr (http://localhost:46521/__cypress/runner/cypress_runner.js:149934:9)\n    at throwErr (http://localhost:46521/__cypress/runner/cypress_runner.js:149867:11)\n    at Object.throwErrByPath (http://localhost:46521/__cypress/runner/cypress_runner.js:149915:3)\n    at retry (http://localhost:46521/__cypress/runner/cypress_runner.js:144197:19)\n    at onFailFn (http://localhost:46521/__cypress/runner/cypress_runner.js:132448:16)\n    at tryCatcher (http://localhost:46521/__cypress/runner/cypress_runner.js:167415:23)\n    at Promise._settlePromiseFromHandler (http://localhost:46521/__cypress/runner/cypress_runner.js:165351:31)\n    at Promise._settlePromise (http://localhost:46521/__cypress/runner/cypress_runner.js:165408:18)\n    at Promise._settlePromise0 (http://localhost:46521/__cypress/runner/cypress_runner.js:165453:10)\n    at Promise._settlePromises (http://localhost:46521/__cypress/runner/cypress_runner.js:165528:18)\n    at Async../node_modules/bluebird/js/release/async.js.Async._drainQueue (http://localhost:46521/__cypress/runner/cypress_runner.js:162140:16)\n    at Async../node_modules/bluebird/js/release/async.js.Async._drainQueues (http://localhost:46521/__cypress/runner/cypress_runner.js:162150:10)\n    at Async.drainQueues (http://localhost:46521/__cypress/runner/cypress_runner.js:162024:14)",
                "diff": null
              },
              "uuid": "23197d87-f637-4d15-aa29-44e1c213f046",
              "parentUUID": "a352d20b-480d-44c0-ab18-215a9c3c0069",
              "isHook": false,
              "skipped": false
            },
            {
              "title": "Verifica se o novo quadro tem todos os pixels preenchidos com a cor branca",
              "fullTitle": "10 - Faça o quadro de pixels ter seu tamanho definido pelo usuário. Verifica se o novo quadro tem todos os pixels preenchidos com a cor branca",
              "timedOut": null,
              "duration": 4329,
              "state": "failed",
              "speed": null,
              "pass": false,
              "fail": true,
              "pending": false,
              "context": null,
              "code": "cy.get('#board-size').clear().type(6);\ncy.get('#generate-board').click();\ncy.get('.pixel').should('have.length', 36).each(function (pixel) {\n  expect(pixel).to.have.css('background-color', WHITE);\n});",
              "err": {
                "message": "CypressError: Timed out retrying: Expected to find element: '#board-size', but never found it.",
                "estack": "CypressError: Timed out retrying: Expected to find element: '#board-size', but never found it.\n    at cypressErr (http://localhost:46521/__cypress/runner/cypress_runner.js:149934:9)\n    at throwErr (http://localhost:46521/__cypress/runner/cypress_runner.js:149867:11)\n    at Object.throwErrByPath (http://localhost:46521/__cypress/runner/cypress_runner.js:149915:3)\n    at retry (http://localhost:46521/__cypress/runner/cypress_runner.js:144197:19)\n    at onFailFn (http://localhost:46521/__cypress/runner/cypress_runner.js:132448:16)\n    at tryCatcher (http://localhost:46521/__cypress/runner/cypress_runner.js:167415:23)\n    at Promise._settlePromiseFromHandler (http://localhost:46521/__cypress/runner/cypress_runner.js:165351:31)\n    at Promise._settlePromise (http://localhost:46521/__cypress/runner/cypress_runner.js:165408:18)\n    at Promise._settlePromise0 (http://localhost:46521/__cypress/runner/cypress_runner.js:165453:10)\n    at Promise._settlePromises (http://localhost:46521/__cypress/runner/cypress_runner.js:165528:18)\n    at Async../node_modules/bluebird/js/release/async.js.Async._drainQueue (http://localhost:46521/__cypress/runner/cypress_runner.js:162140:16)\n    at Async../node_modules/bluebird/js/release/async.js.Async._drainQueues (http://localhost:46521/__cypress/runner/cypress_runner.js:162150:10)\n    at Async.drainQueues (http://localhost:46521/__cypress/runner/cypress_runner.js:162024:14)",
                "diff": null
              },
              "uuid": "933ced43-c12c-407e-8136-4f3d07b5c778",
              "parentUUID": "a352d20b-480d-44c0-ab18-215a9c3c0069",
              "isHook": false,
              "skipped": false
            }
          ],
          "suites": [],
          "passes": [],
          "failures": [
            "8481322c-010b-4804-9bb4-ecd957157c09",
            "ad81186f-34ea-410b-b902-01e4e724372f",
            "004d963d-cb0c-444e-9664-314d825cf21a",
            "28593b1f-129f-41ca-8900-5edf18b626c5",
            "c85a6054-9b60-498c-aef0-ae412034aed8",
            "ed6ab2c1-ab8c-4ddf-bce0-9a61e0278c6c",
            "dc144f01-46e0-483d-92e7-eb08f7e4dd0f",
            "23197d87-f637-4d15-aa29-44e1c213f046",
            "933ced43-c12c-407e-8136-4f3d07b5c778"
          ],
          "pending": [],
          "skipped": [],
          "duration": 38899,
          "root": false,
          "rootEmpty": false,
          "_timeout": 2000
        },
        {
          "uuid": "73ca8a4d-3dbc-43c9-b9fd-24c5654ef2e1",
          "title": "11 - Limite o tamanho mínimo e máximo do board.",
          "fullFile": "",
          "file": "",
          "beforeHooks": [],
          "afterHooks": [],
          "tests": [
            {
              "title": "Verifica se a altura máxima do board é 50",
              "fullTitle": "11 - Limite o tamanho mínimo e máximo do board. Verifica se a altura máxima do board é 50",
              "timedOut": null,
              "duration": 4329,
              "state": "failed",
              "speed": null,
              "pass": false,
              "fail": true,
              "pending": false,
              "context": null,
              "code": "cy.get('#board-size').clear().type(50);\ncy.get('#generate-board').click();\ncy.get('.pixel').should('have.length', 2500);",
              "err": {
                "message": "CypressError: Timed out retrying: Expected to find element: '#board-size', but never found it.",
                "estack": "CypressError: Timed out retrying: Expected to find element: '#board-size', but never found it.\n    at cypressErr (http://localhost:46521/__cypress/runner/cypress_runner.js:149934:9)\n    at throwErr (http://localhost:46521/__cypress/runner/cypress_runner.js:149867:11)\n    at Object.throwErrByPath (http://localhost:46521/__cypress/runner/cypress_runner.js:149915:3)\n    at retry (http://localhost:46521/__cypress/runner/cypress_runner.js:144197:19)\n    at onFailFn (http://localhost:46521/__cypress/runner/cypress_runner.js:132448:16)\n    at tryCatcher (http://localhost:46521/__cypress/runner/cypress_runner.js:167415:23)\n    at Promise._settlePromiseFromHandler (http://localhost:46521/__cypress/runner/cypress_runner.js:165351:31)\n    at Promise._settlePromise (http://localhost:46521/__cypress/runner/cypress_runner.js:165408:18)\n    at Promise._settlePromise0 (http://localhost:46521/__cypress/runner/cypress_runner.js:165453:10)\n    at Promise._settlePromises (http://localhost:46521/__cypress/runner/cypress_runner.js:165528:18)\n    at Async../node_modules/bluebird/js/release/async.js.Async._drainQueue (http://localhost:46521/__cypress/runner/cypress_runner.js:162140:16)\n    at Async../node_modules/bluebird/js/release/async.js.Async._drainQueues (http://localhost:46521/__cypress/runner/cypress_runner.js:162150:10)\n    at Async.drainQueues (http://localhost:46521/__cypress/runner/cypress_runner.js:162024:14)",
                "diff": null
              },
              "uuid": "5fef893f-8d34-4c1d-a3c7-ed9bb5a6e34f",
              "parentUUID": "73ca8a4d-3dbc-43c9-b9fd-24c5654ef2e1",
              "isHook": false,
              "skipped": false
            },
            {
              "title": "Verifica se a altura do board é 5 quando um valor menor é colocado no input",
              "fullTitle": "11 - Limite o tamanho mínimo e máximo do board. Verifica se a altura do board é 5 quando um valor menor é colocado no input",
              "timedOut": null,
              "duration": 4360,
              "state": "failed",
              "speed": null,
              "pass": false,
              "fail": true,
              "pending": false,
              "context": null,
              "code": "cy.get('#board-size').clear().type(4);\ncy.get('#generate-board').click();\ncy.get('.pixel').should('have.length', 25);",
              "err": {
                "message": "CypressError: Timed out retrying: Expected to find element: '#board-size', but never found it.",
                "estack": "CypressError: Timed out retrying: Expected to find element: '#board-size', but never found it.\n    at cypressErr (http://localhost:46521/__cypress/runner/cypress_runner.js:149934:9)\n    at throwErr (http://localhost:46521/__cypress/runner/cypress_runner.js:149867:11)\n    at Object.throwErrByPath (http://localhost:46521/__cypress/runner/cypress_runner.js:149915:3)\n    at retry (http://localhost:46521/__cypress/runner/cypress_runner.js:144197:19)\n    at onFailFn (http://localhost:46521/__cypress/runner/cypress_runner.js:132448:16)\n    at tryCatcher (http://localhost:46521/__cypress/runner/cypress_runner.js:167415:23)\n    at Promise._settlePromiseFromHandler (http://localhost:46521/__cypress/runner/cypress_runner.js:165351:31)\n    at Promise._settlePromise (http://localhost:46521/__cypress/runner/cypress_runner.js:165408:18)\n    at Promise._settlePromise0 (http://localhost:46521/__cypress/runner/cypress_runner.js:165453:10)\n    at Promise._settlePromises (http://localhost:46521/__cypress/runner/cypress_runner.js:165528:18)\n    at Async../node_modules/bluebird/js/release/async.js.Async._drainQueue (http://localhost:46521/__cypress/runner/cypress_runner.js:162140:16)\n    at Async../node_modules/bluebird/js/release/async.js.Async._drainQueues (http://localhost:46521/__cypress/runner/cypress_runner.js:162150:10)\n    at Async.drainQueues (http://localhost:46521/__cypress/runner/cypress_runner.js:162024:14)",
                "diff": null
              },
              "uuid": "99c5c6d4-9895-458b-b1cb-13f28ccee779",
              "parentUUID": "73ca8a4d-3dbc-43c9-b9fd-24c5654ef2e1",
              "isHook": false,
              "skipped": false
            },
            {
              "title": "Verifica se a altura do board é 50 quando um valor maior é colocado no input",
              "fullTitle": "11 - Limite o tamanho mínimo e máximo do board. Verifica se a altura do board é 50 quando um valor maior é colocado no input",
              "timedOut": null,
              "duration": 4330,
              "state": "failed",
              "speed": null,
              "pass": false,
              "fail": true,
              "pending": false,
              "context": null,
              "code": "cy.get('#board-size').clear().type(51);\ncy.get('#generate-board').click();\ncy.get('.pixel').should('have.length', 2500);",
              "err": {
                "message": "CypressError: Timed out retrying: Expected to find element: '#board-size', but never found it.",
                "estack": "CypressError: Timed out retrying: Expected to find element: '#board-size', but never found it.\n    at cypressErr (http://localhost:46521/__cypress/runner/cypress_runner.js:149934:9)\n    at throwErr (http://localhost:46521/__cypress/runner/cypress_runner.js:149867:11)\n    at Object.throwErrByPath (http://localhost:46521/__cypress/runner/cypress_runner.js:149915:3)\n    at retry (http://localhost:46521/__cypress/runner/cypress_runner.js:144197:19)\n    at onFailFn (http://localhost:46521/__cypress/runner/cypress_runner.js:132448:16)\n    at tryCatcher (http://localhost:46521/__cypress/runner/cypress_runner.js:167415:23)\n    at Promise._settlePromiseFromHandler (http://localhost:46521/__cypress/runner/cypress_runner.js:165351:31)\n    at Promise._settlePromise (http://localhost:46521/__cypress/runner/cypress_runner.js:165408:18)\n    at Promise._settlePromise0 (http://localhost:46521/__cypress/runner/cypress_runner.js:165453:10)\n    at Promise._settlePromises (http://localhost:46521/__cypress/runner/cypress_runner.js:165528:18)\n    at Async../node_modules/bluebird/js/release/async.js.Async._drainQueue (http://localhost:46521/__cypress/runner/cypress_runner.js:162140:16)\n    at Async../node_modules/bluebird/js/release/async.js.Async._drainQueues (http://localhost:46521/__cypress/runner/cypress_runner.js:162150:10)\n    at Async.drainQueues (http://localhost:46521/__cypress/runner/cypress_runner.js:162024:14)",
                "diff": null
              },
              "uuid": "f7033834-f50f-4a0f-b325-a932acf8b619",
              "parentUUID": "73ca8a4d-3dbc-43c9-b9fd-24c5654ef2e1",
              "isHook": false,
              "skipped": false
            }
          ],
          "suites": [],
          "passes": [],
          "failures": [
            "5fef893f-8d34-4c1d-a3c7-ed9bb5a6e34f",
            "99c5c6d4-9895-458b-b1cb-13f28ccee779",
            "f7033834-f50f-4a0f-b325-a932acf8b619"
          ],
          "pending": [],
          "skipped": [],
          "duration": 13019,
          "root": false,
          "rootEmpty": false,
          "_timeout": 2000
        },
        {
          "uuid": "958e9f1a-c479-40c0-b502-3102e67df4e7",
          "title": "12 - Faça com que as cores da paleta sejam geradas aleatoriamente ao carregar a página.",
          "fullFile": "",
          "file": "",
          "beforeHooks": [],
          "afterHooks": [],
          "tests": [
            {
              "title": "Verifica se as cores geradas na paleta são diferentes a cada carregamento da página",
              "fullTitle": "12 - Faça com que as cores da paleta sejam geradas aleatoriamente ao carregar a página. Verifica se as cores geradas na paleta são diferentes a cada carregamento da página",
              "timedOut": null,
              "duration": 460,
              "state": "failed",
              "speed": null,
              "pass": false,
              "fail": true,
              "pending": false,
              "context": null,
              "code": "cy.get('.color').then(function (colors) {\n  var currentColors;\n  var previousColors;\n  previousColors = Array.from(colors).map(function (color) {\n    return Cypress.$(color).css('background-color');\n  });\n  for (var i = 0; i < 5; i += 1) {\n    cy.reload();\n    cy.get('.color').then(function (colors) {\n      currentColors = Array.from(colors).map(function (color) {\n        return Cypress.$(color).css('background-color');\n      });\n      expect(currentColors).not.to.deep.equal(previousColors);\n      previousColors = currentColors;\n    });\n  }\n});",
              "err": {
                "message": "AssertionError: expected [ Array(4) ] to not deeply equal [ Array(4) ]",
                "estack": "AssertionError: expected [ Array(4) ] to not deeply equal [ Array(4) ]\n    at getRet (http://localhost:46521/__cypress/runner/cypress_runner.js:136585:16)\n    at tryCatcher (http://localhost:46521/__cypress/runner/cypress_runner.js:167415:23)\n    at Function.Promise.attempt.Promise.try (http://localhost:46521/__cypress/runner/cypress_runner.js:164690:29)\n    at Context.thenFn (http://localhost:46521/__cypress/runner/cypress_runner.js:136599:23)\n    at Context.then (http://localhost:46521/__cypress/runner/cypress_runner.js:136971:21)\n    at Context.<anonymous> (http://localhost:46521/__cypress/runner/cypress_runner.js:148875:21)\n    at http://localhost:46521/__cypress/runner/cypress_runner.js:148351:33\n    at tryCatcher (http://localhost:46521/__cypress/runner/cypress_runner.js:167415:23)\n    at Promise._settlePromiseFromHandler (http://localhost:46521/__cypress/runner/cypress_runner.js:165351:31)\n    at Promise._settlePromise (http://localhost:46521/__cypress/runner/cypress_runner.js:165408:18)\n    at Promise._settlePromiseCtx (http://localhost:46521/__cypress/runner/cypress_runner.js:165445:10)\n    at Async../node_modules/bluebird/js/release/async.js.Async._drainQueue (http://localhost:46521/__cypress/runner/cypress_runner.js:162145:12)\n    at Async../node_modules/bluebird/js/release/async.js.Async._drainQueues (http://localhost:46521/__cypress/runner/cypress_runner.js:162150:10)\n    at Async.drainQueues (http://localhost:46521/__cypress/runner/cypress_runner.js:162024:14)",
                "diff": ""
              },
              "uuid": "12e33c63-505c-489f-ac01-59a1a9af171c",
              "parentUUID": "958e9f1a-c479-40c0-b502-3102e67df4e7",
              "isHook": false,
              "skipped": false
            },
            {
              "title": "Verifica se a cor preta ainda está presente e é a primeira na sua paleta de cores",
              "fullTitle": "12 - Faça com que as cores da paleta sejam geradas aleatoriamente ao carregar a página. Verifica se a cor preta ainda está presente e é a primeira na sua paleta de cores",
              "timedOut": null,
              "duration": 415,
              "state": "failed",
              "speed": null,
              "pass": false,
              "fail": true,
              "pending": false,
              "context": null,
              "code": "cy.get('.color').then(function (colors) {\n  var currentColors;\n  var previousColors;\n  previousColors = Array.from(colors).map(function (color) {\n    return Cypress.$(color).css('background-color');\n  });\n  expect(previousColors[0]).to.eq(BLACK);\n  for (var i = 0; i < 5; i += 1) {\n    cy.reload();\n    cy.get('.color').then(function (colors) {\n      currentColors = Array.from(colors).map(function (color) {\n        return Cypress.$(color).css('background-color');\n      });\n      expect(currentColors[0]).to.eq(BLACK);\n      expect(currentColors).not.to.deep.equal(previousColors);\n      previousColors = currentColors;\n    });\n  }\n});",
              "err": {
                "message": "AssertionError: expected [ Array(4) ] to not deeply equal [ Array(4) ]",
                "estack": "AssertionError: expected [ Array(4) ] to not deeply equal [ Array(4) ]\n    at getRet (http://localhost:46521/__cypress/runner/cypress_runner.js:136585:16)\n    at tryCatcher (http://localhost:46521/__cypress/runner/cypress_runner.js:167415:23)\n    at Function.Promise.attempt.Promise.try (http://localhost:46521/__cypress/runner/cypress_runner.js:164690:29)\n    at Context.thenFn (http://localhost:46521/__cypress/runner/cypress_runner.js:136599:23)\n    at Context.then (http://localhost:46521/__cypress/runner/cypress_runner.js:136971:21)\n    at Context.<anonymous> (http://localhost:46521/__cypress/runner/cypress_runner.js:148875:21)\n    at http://localhost:46521/__cypress/runner/cypress_runner.js:148351:33\n    at tryCatcher (http://localhost:46521/__cypress/runner/cypress_runner.js:167415:23)\n    at Promise._settlePromiseFromHandler (http://localhost:46521/__cypress/runner/cypress_runner.js:165351:31)\n    at Promise._settlePromise (http://localhost:46521/__cypress/runner/cypress_runner.js:165408:18)\n    at Promise._settlePromiseCtx (http://localhost:46521/__cypress/runner/cypress_runner.js:165445:10)\n    at Async../node_modules/bluebird/js/release/async.js.Async._drainQueue (http://localhost:46521/__cypress/runner/cypress_runner.js:162145:12)\n    at Async../node_modules/bluebird/js/release/async.js.Async._drainQueues (http://localhost:46521/__cypress/runner/cypress_runner.js:162150:10)\n    at Async.drainQueues (http://localhost:46521/__cypress/runner/cypress_runner.js:162024:14)",
                "diff": ""
              },
              "uuid": "70a968d2-5612-477b-b7e9-0112a9ff0e9d",
              "parentUUID": "958e9f1a-c479-40c0-b502-3102e67df4e7",
              "isHook": false,
              "skipped": false
            }
          ],
          "suites": [],
          "passes": [],
          "failures": [
            "12e33c63-505c-489f-ac01-59a1a9af171c",
            "70a968d2-5612-477b-b7e9-0112a9ff0e9d"
          ],
          "pending": [],
          "skipped": [],
          "duration": 875,
          "root": false,
          "rootEmpty": false,
          "_timeout": 2000
        }
      ],
      "passes": [],
      "failures": [],
      "pending": [],
      "skipped": [],
      "duration": 0,
      "root": true,
      "rootEmpty": true,
      "_timeout": 2000
    }
  ],
  "meta": {
    "mocha": {
      "version": "7.0.1"
    },
    "mochawesome": {
      "options": {
        "quiet": false,
        "reportFilename": "mochawesome",
        "saveHtml": false,
        "saveJson": true,
        "consoleReporter": "spec",
        "useInlineDiffs": false
      },
      "version": "4.1.0"
    },
    "marge": {
      "options": {
        "id": "default",
        "reportDir": "cypress/reports",
        "overwrite": true,
        "html": false,
        "json": true
      },
      "version": "4.1.0"
    }
  }
}